mode: set
github.com/0xPolygon/cdk/version.go:18.32,25.2 6 0
github.com/0xPolygon/cdk/aggoracle/chaingersender/evm.go:68.31,70.16 2 0
github.com/0xPolygon/cdk/aggoracle/chaingersender/evm.go:70.16,72.3 1 0
github.com/0xPolygon/cdk/aggoracle/chaingersender/evm.go:74.2,82.8 1 0
github.com/0xPolygon/cdk/aggoracle/chaingersender/evm.go:85.81,87.16 2 0
github.com/0xPolygon/cdk/aggoracle/chaingersender/evm.go:87.16,89.3 1 0
github.com/0xPolygon/cdk/aggoracle/chaingersender/evm.go:91.2,91.47 1 0
github.com/0xPolygon/cdk/aggoracle/chaingersender/evm.go:94.97,96.16 2 0
github.com/0xPolygon/cdk/aggoracle/chaingersender/evm.go:96.16,98.3 1 0
github.com/0xPolygon/cdk/aggoracle/chaingersender/evm.go:99.2,100.16 2 0
github.com/0xPolygon/cdk/aggoracle/chaingersender/evm.go:100.16,102.3 1 0
github.com/0xPolygon/cdk/aggoracle/chaingersender/evm.go:103.2,104.16 2 0
github.com/0xPolygon/cdk/aggoracle/chaingersender/evm.go:104.16,106.3 1 0
github.com/0xPolygon/cdk/aggoracle/chaingersender/evm.go:107.2,107.6 1 0
github.com/0xPolygon/cdk/aggoracle/chaingersender/evm.go:107.6,111.17 4 0
github.com/0xPolygon/cdk/aggoracle/chaingersender/evm.go:111.17,113.4 1 0
github.com/0xPolygon/cdk/aggoracle/chaingersender/evm.go:114.3,114.21 1 0
github.com/0xPolygon/cdk/aggoracle/chaingersender/evm.go:116.39,117.12 1 0
github.com/0xPolygon/cdk/aggoracle/chaingersender/evm.go:118.45,119.45 1 0
github.com/0xPolygon/cdk/aggoracle/chaingersender/evm.go:122.44,123.14 1 0
github.com/0xPolygon/cdk/aggoracle/chaingersender/evm.go:124.11,125.51 1 0
github.com/0xPolygon/cdk/aggregator/agglayer_client.go:28.52,32.2 1 0
github.com/0xPolygon/cdk/aggregator/agglayer_client.go:35.73,37.16 2 0
github.com/0xPolygon/cdk/aggregator/agglayer_client.go:37.16,39.3 1 0
github.com/0xPolygon/cdk/aggregator/agglayer_client.go:41.2,41.27 1 0
github.com/0xPolygon/cdk/aggregator/agglayer_client.go:41.27,43.3 1 0
github.com/0xPolygon/cdk/aggregator/agglayer_client.go:45.2,47.16 3 0
github.com/0xPolygon/cdk/aggregator/agglayer_client.go:47.16,49.3 1 0
github.com/0xPolygon/cdk/aggregator/agglayer_client.go:51.2,51.27 1 0
github.com/0xPolygon/cdk/aggregator/agglayer_client.go:55.87,57.6 2 0
github.com/0xPolygon/cdk/aggregator/agglayer_client.go:57.6,58.10 1 0
github.com/0xPolygon/cdk/aggregator/agglayer_client.go:59.21,60.61 1 0
github.com/0xPolygon/cdk/aggregator/agglayer_client.go:61.19,63.18 2 0
github.com/0xPolygon/cdk/aggregator/agglayer_client.go:63.18,65.5 1 0
github.com/0xPolygon/cdk/aggregator/agglayer_client.go:67.4,67.29 1 0
github.com/0xPolygon/cdk/aggregator/agglayer_client.go:67.29,69.5 1 0
github.com/0xPolygon/cdk/aggregator/agglayer_client.go:71.4,73.18 3 0
github.com/0xPolygon/cdk/aggregator/agglayer_client.go:73.18,75.5 1 0
github.com/0xPolygon/cdk/aggregator/agglayer_client.go:76.4,76.41 1 0
github.com/0xPolygon/cdk/aggregator/agglayer_client.go:76.41,78.5 1 0
github.com/0xPolygon/cdk/aggregator/agglayer_tx.go:27.33,35.2 1 0
github.com/0xPolygon/cdk/aggregator/agglayer_tx.go:38.68,41.16 3 0
github.com/0xPolygon/cdk/aggregator/agglayer_tx.go:41.16,43.3 1 0
github.com/0xPolygon/cdk/aggregator/agglayer_tx.go:45.2,48.8 1 0
github.com/0xPolygon/cdk/aggregator/agglayer_tx.go:58.53,60.16 2 0
github.com/0xPolygon/cdk/aggregator/agglayer_tx.go:60.16,62.3 1 0
github.com/0xPolygon/cdk/aggregator/agglayer_tx.go:64.2,64.45 1 0
github.com/0xPolygon/cdk/aggregator/aggregator.go:104.42,107.40 2 0
github.com/0xPolygon/cdk/aggregator/aggregator.go:108.25,111.4 1 0
github.com/0xPolygon/cdk/aggregator/aggregator.go:112.30,115.4 1 0
github.com/0xPolygon/cdk/aggregator/aggregator.go:119.2,125.16 3 0
github.com/0xPolygon/cdk/aggregator/aggregator.go:125.16,127.3 1 0
github.com/0xPolygon/cdk/aggregator/aggregator.go:129.2,131.30 2 0
github.com/0xPolygon/cdk/aggregator/aggregator.go:131.30,143.17 5 0
github.com/0xPolygon/cdk/aggregator/aggregator.go:143.17,145.4 1 0
github.com/0xPolygon/cdk/aggregator/aggregator.go:146.3,146.42 1 0
github.com/0xPolygon/cdk/aggregator/aggregator.go:150.2,162.16 6 0
github.com/0xPolygon/cdk/aggregator/aggregator.go:162.16,164.3 1 0
github.com/0xPolygon/cdk/aggregator/aggregator.go:166.2,171.67 2 0
github.com/0xPolygon/cdk/aggregator/aggregator.go:171.67,175.17 3 0
github.com/0xPolygon/cdk/aggregator/aggregator.go:175.17,177.4 1 0
github.com/0xPolygon/cdk/aggregator/aggregator.go:180.2,200.18 2 0
github.com/0xPolygon/cdk/aggregator/aggregator.go:200.18,202.3 1 0
github.com/0xPolygon/cdk/aggregator/aggregator.go:205.2,205.30 1 0
github.com/0xPolygon/cdk/aggregator/aggregator.go:205.30,209.3 3 0
github.com/0xPolygon/cdk/aggregator/aggregator.go:211.2,211.15 1 0
github.com/0xPolygon/cdk/aggregator/aggregator.go:214.46,220.2 3 0
github.com/0xPolygon/cdk/aggregator/aggregator.go:222.40,224.6 2 0
github.com/0xPolygon/cdk/aggregator/aggregator.go:224.6,227.16 2 0
github.com/0xPolygon/cdk/aggregator/aggregator.go:227.16,231.18 3 0
github.com/0xPolygon/cdk/aggregator/aggregator.go:231.18,232.32 1 0
github.com/0xPolygon/cdk/aggregator/aggregator.go:232.32,237.6 1 0
github.com/0xPolygon/cdk/aggregator/aggregator.go:237.11,239.6 1 0
github.com/0xPolygon/cdk/aggregator/aggregator.go:240.5,242.19 2 0
github.com/0xPolygon/cdk/aggregator/aggregator.go:245.4,246.18 2 0
github.com/0xPolygon/cdk/aggregator/aggregator.go:246.18,250.19 3 0
github.com/0xPolygon/cdk/aggregator/aggregator.go:252.4,252.18 1 0
github.com/0xPolygon/cdk/aggregator/aggregator.go:255.3,255.18 1 0
github.com/0xPolygon/cdk/aggregator/aggregator.go:259.79,264.16 3 0
github.com/0xPolygon/cdk/aggregator/aggregator.go:264.16,266.3 1 0
github.com/0xPolygon/cdk/aggregator/aggregator.go:266.8,268.17 2 0
github.com/0xPolygon/cdk/aggregator/aggregator.go:268.17,270.4 1 0
github.com/0xPolygon/cdk/aggregator/aggregator.go:274.2,275.6 2 0
github.com/0xPolygon/cdk/aggregator/aggregator.go:275.6,281.3 2 0
github.com/0xPolygon/cdk/aggregator/aggregator.go:284.91,294.24 6 0
github.com/0xPolygon/cdk/aggregator/aggregator.go:294.24,300.17 3 0
github.com/0xPolygon/cdk/aggregator/aggregator.go:300.17,302.4 1 0
github.com/0xPolygon/cdk/aggregator/aggregator.go:302.9,304.4 1 0
github.com/0xPolygon/cdk/aggregator/aggregator.go:308.2,309.16 2 0
github.com/0xPolygon/cdk/aggregator/aggregator.go:309.16,311.17 2 0
github.com/0xPolygon/cdk/aggregator/aggregator.go:311.17,313.4 1 0
github.com/0xPolygon/cdk/aggregator/aggregator.go:317.2,317.74 1 0
github.com/0xPolygon/cdk/aggregator/aggregator.go:317.74,322.3 1 0
github.com/0xPolygon/cdk/aggregator/aggregator.go:325.2,325.16 1 0
github.com/0xPolygon/cdk/aggregator/aggregator.go:325.16,327.17 2 0
github.com/0xPolygon/cdk/aggregator/aggregator.go:327.17,329.4 1 0
github.com/0xPolygon/cdk/aggregator/aggregator.go:329.9,331.4 1 0
github.com/0xPolygon/cdk/aggregator/aggregator.go:335.2,335.16 1 0
github.com/0xPolygon/cdk/aggregator/aggregator.go:335.16,337.17 2 0
github.com/0xPolygon/cdk/aggregator/aggregator.go:337.17,339.4 1 0
github.com/0xPolygon/cdk/aggregator/aggregator.go:339.9,341.4 1 0
github.com/0xPolygon/cdk/aggregator/aggregator.go:345.2,345.16 1 0
github.com/0xPolygon/cdk/aggregator/aggregator.go:345.16,347.17 2 0
github.com/0xPolygon/cdk/aggregator/aggregator.go:347.17,349.4 1 0
github.com/0xPolygon/cdk/aggregator/aggregator.go:349.9,351.4 1 0
github.com/0xPolygon/cdk/aggregator/aggregator.go:355.2,355.16 1 0
github.com/0xPolygon/cdk/aggregator/aggregator.go:355.16,357.17 2 0
github.com/0xPolygon/cdk/aggregator/aggregator.go:357.17,359.4 1 0
github.com/0xPolygon/cdk/aggregator/aggregator.go:359.9,361.4 1 0
github.com/0xPolygon/cdk/aggregator/aggregator.go:364.2,364.16 1 0
github.com/0xPolygon/cdk/aggregator/aggregator.go:364.16,378.17 7 0
github.com/0xPolygon/cdk/aggregator/aggregator.go:378.17,380.4 1 0
github.com/0xPolygon/cdk/aggregator/aggregator.go:380.9,382.26 1 0
github.com/0xPolygon/cdk/aggregator/aggregator.go:382.26,385.19 3 0
github.com/0xPolygon/cdk/aggregator/aggregator.go:385.19,387.6 1 0
github.com/0xPolygon/cdk/aggregator/aggregator.go:387.11,390.20 2 0
github.com/0xPolygon/cdk/aggregator/aggregator.go:390.20,392.7 1 0
github.com/0xPolygon/cdk/aggregator/aggregator.go:393.6,393.44 1 0
github.com/0xPolygon/cdk/aggregator/aggregator.go:399.2,399.16 1 0
github.com/0xPolygon/cdk/aggregator/aggregator.go:399.16,401.3 1 0
github.com/0xPolygon/cdk/aggregator/aggregator.go:401.8,404.7 2 0
github.com/0xPolygon/cdk/aggregator/aggregator.go:404.7,407.4 2 0
github.com/0xPolygon/cdk/aggregator/aggregator.go:413.9,416.22 2 0
github.com/0xPolygon/cdk/aggregator/aggregator.go:416.22,417.68 1 0
github.com/0xPolygon/cdk/aggregator/aggregator.go:417.68,420.22 2 0
github.com/0xPolygon/cdk/aggregator/aggregator.go:421.77,424.19 3 0
github.com/0xPolygon/cdk/aggregator/aggregator.go:424.19,428.6 2 0
github.com/0xPolygon/cdk/aggregator/aggregator.go:430.5,433.43 4 0
github.com/0xPolygon/cdk/aggregator/aggregator.go:434.75,437.19 3 0
github.com/0xPolygon/cdk/aggregator/aggregator.go:437.19,441.6 2 0
github.com/0xPolygon/cdk/aggregator/aggregator.go:443.5,447.48 3 0
github.com/0xPolygon/cdk/aggregator/aggregator.go:447.48,449.6 1 0
github.com/0xPolygon/cdk/aggregator/aggregator.go:452.5,452.46 1 0
github.com/0xPolygon/cdk/aggregator/aggregator.go:452.46,457.61 3 0
github.com/0xPolygon/cdk/aggregator/aggregator.go:457.61,461.7 2 0
github.com/0xPolygon/cdk/aggregator/aggregator.go:463.6,463.47 1 0
github.com/0xPolygon/cdk/aggregator/aggregator.go:463.47,468.62 4 0
github.com/0xPolygon/cdk/aggregator/aggregator.go:468.62,472.8 2 0
github.com/0xPolygon/cdk/aggregator/aggregator.go:476.6,477.77 1 0
github.com/0xPolygon/cdk/aggregator/aggregator.go:477.77,479.21 2 0
github.com/0xPolygon/cdk/aggregator/aggregator.go:479.21,483.8 2 0
github.com/0xPolygon/cdk/aggregator/aggregator.go:487.6,489.77 1 0
github.com/0xPolygon/cdk/aggregator/aggregator.go:489.77,491.7 1 0
github.com/0xPolygon/cdk/aggregator/aggregator.go:491.12,493.7 1 0
github.com/0xPolygon/cdk/aggregator/aggregator.go:496.6,497.77 1 0
github.com/0xPolygon/cdk/aggregator/aggregator.go:497.77,500.79 2 0
github.com/0xPolygon/cdk/aggregator/aggregator.go:500.79,502.8 1 0
github.com/0xPolygon/cdk/aggregator/aggregator.go:502.13,504.8 1 0
github.com/0xPolygon/cdk/aggregator/aggregator.go:505.7,505.81 1 0
github.com/0xPolygon/cdk/aggregator/aggregator.go:509.6,510.20 2 0
github.com/0xPolygon/cdk/aggregator/aggregator.go:510.20,514.7 2 0
github.com/0xPolygon/cdk/aggregator/aggregator.go:516.6,516.26 1 0
github.com/0xPolygon/cdk/aggregator/aggregator.go:516.26,520.21 4 0
github.com/0xPolygon/cdk/aggregator/aggregator.go:520.21,524.8 2 0
github.com/0xPolygon/cdk/aggregator/aggregator.go:527.6,532.20 4 0
github.com/0xPolygon/cdk/aggregator/aggregator.go:532.20,536.7 2 0
github.com/0xPolygon/cdk/aggregator/aggregator.go:539.6,539.47 1 0
github.com/0xPolygon/cdk/aggregator/aggregator.go:539.47,541.21 2 0
github.com/0xPolygon/cdk/aggregator/aggregator.go:541.21,545.8 2 0
github.com/0xPolygon/cdk/aggregator/aggregator.go:547.7,548.76 2 0
github.com/0xPolygon/cdk/aggregator/aggregator.go:551.6,569.20 5 0
github.com/0xPolygon/cdk/aggregator/aggregator.go:569.20,570.45 1 0
github.com/0xPolygon/cdk/aggregator/aggregator.go:570.45,574.8 2 0
github.com/0xPolygon/cdk/aggregator/aggregator.go:577.6,577.81 1 0
github.com/0xPolygon/cdk/aggregator/aggregator.go:577.81,579.7 1 0
github.com/0xPolygon/cdk/aggregator/aggregator.go:582.6,583.20 2 0
github.com/0xPolygon/cdk/aggregator/aggregator.go:583.20,587.7 2 0
github.com/0xPolygon/cdk/aggregator/aggregator.go:590.6,590.35 1 0
github.com/0xPolygon/cdk/aggregator/aggregator.go:590.35,592.7 1 0
github.com/0xPolygon/cdk/aggregator/aggregator.go:596.5,596.30 1 0
github.com/0xPolygon/cdk/aggregator/aggregator.go:598.74,600.48 1 0
github.com/0xPolygon/cdk/aggregator/aggregator.go:600.48,602.6 1 0
github.com/0xPolygon/cdk/aggregator/aggregator.go:604.5,606.19 3 0
github.com/0xPolygon/cdk/aggregator/aggregator.go:606.19,610.6 2 0
github.com/0xPolygon/cdk/aggregator/aggregator.go:612.5,622.85 7 0
github.com/0xPolygon/cdk/aggregator/aggregator.go:624.77,627.19 3 0
github.com/0xPolygon/cdk/aggregator/aggregator.go:627.19,631.6 2 0
github.com/0xPolygon/cdk/aggregator/aggregator.go:633.5,634.19 2 0
github.com/0xPolygon/cdk/aggregator/aggregator.go:634.19,638.6 2 0
github.com/0xPolygon/cdk/aggregator/aggregator.go:640.5,645.95 2 0
github.com/0xPolygon/cdk/aggregator/aggregator.go:650.2,650.12 1 0
github.com/0xPolygon/cdk/aggregator/aggregator.go:654.36,657.16 2 0
github.com/0xPolygon/cdk/aggregator/aggregator.go:657.16,661.3 2 0
github.com/0xPolygon/cdk/aggregator/aggregator.go:664.2,664.12 1 0
github.com/0xPolygon/cdk/aggregator/aggregator.go:664.12,666.17 2 0
github.com/0xPolygon/cdk/aggregator/aggregator.go:666.17,668.4 1 0
github.com/0xPolygon/cdk/aggregator/aggregator.go:671.2,671.32 1 0
github.com/0xPolygon/cdk/aggregator/aggregator.go:671.32,674.17 3 0
github.com/0xPolygon/cdk/aggregator/aggregator.go:674.17,676.4 1 0
github.com/0xPolygon/cdk/aggregator/aggregator.go:678.3,686.17 6 0
github.com/0xPolygon/cdk/aggregator/aggregator.go:686.17,688.4 1 0
github.com/0xPolygon/cdk/aggregator/aggregator.go:691.3,692.17 2 0
github.com/0xPolygon/cdk/aggregator/aggregator.go:692.17,694.4 1 0
github.com/0xPolygon/cdk/aggregator/aggregator.go:697.3,698.17 2 0
github.com/0xPolygon/cdk/aggregator/aggregator.go:698.17,700.4 1 0
github.com/0xPolygon/cdk/aggregator/aggregator.go:702.3,703.17 2 0
github.com/0xPolygon/cdk/aggregator/aggregator.go:703.17,705.4 1 0
github.com/0xPolygon/cdk/aggregator/aggregator.go:707.3,720.17 5 0
github.com/0xPolygon/cdk/aggregator/aggregator.go:720.17,722.4 1 0
github.com/0xPolygon/cdk/aggregator/aggregator.go:724.3,731.57 5 0
github.com/0xPolygon/cdk/aggregator/aggregator.go:731.57,733.4 1 0
github.com/0xPolygon/cdk/aggregator/aggregator.go:736.3,740.17 4 0
github.com/0xPolygon/cdk/aggregator/aggregator.go:740.17,742.4 1 0
github.com/0xPolygon/cdk/aggregator/aggregator.go:744.3,750.17 3 0
github.com/0xPolygon/cdk/aggregator/aggregator.go:750.17,752.4 1 0
github.com/0xPolygon/cdk/aggregator/aggregator.go:754.3,755.17 2 0
github.com/0xPolygon/cdk/aggregator/aggregator.go:755.17,757.4 1 0
github.com/0xPolygon/cdk/aggregator/aggregator.go:760.3,760.13 1 0
github.com/0xPolygon/cdk/aggregator/aggregator.go:760.13,762.43 2 0
github.com/0xPolygon/cdk/aggregator/aggregator.go:762.43,765.5 2 0
github.com/0xPolygon/cdk/aggregator/aggregator.go:769.2,771.20 2 0
github.com/0xPolygon/cdk/aggregator/aggregator.go:775.29,778.2 2 0
github.com/0xPolygon/cdk/aggregator/aggregator.go:782.83,786.8 4 0
github.com/0xPolygon/cdk/aggregator/aggregator.go:786.8,788.3 1 0
github.com/0xPolygon/cdk/aggregator/aggregator.go:789.2,790.16 2 0
github.com/0xPolygon/cdk/aggregator/aggregator.go:790.16,792.3 1 0
github.com/0xPolygon/cdk/aggregator/aggregator.go:794.2,802.42 3 0
github.com/0xPolygon/cdk/aggregator/aggregator.go:802.42,807.3 3 0
github.com/0xPolygon/cdk/aggregator/aggregator.go:809.2,809.6 1 0
github.com/0xPolygon/cdk/aggregator/aggregator.go:809.6,810.10 1 0
github.com/0xPolygon/cdk/aggregator/aggregator.go:811.23,813.22 1 0
github.com/0xPolygon/cdk/aggregator/aggregator.go:814.21,816.20 1 0
github.com/0xPolygon/cdk/aggregator/aggregator.go:818.11,819.24 1 0
github.com/0xPolygon/cdk/aggregator/aggregator.go:819.24,821.19 2 0
github.com/0xPolygon/cdk/aggregator/aggregator.go:821.19,825.14 3 0
github.com/0xPolygon/cdk/aggregator/aggregator.go:827.5,827.16 1 0
github.com/0xPolygon/cdk/aggregator/aggregator.go:827.16,831.14 3 0
github.com/0xPolygon/cdk/aggregator/aggregator.go:834.5,835.19 2 0
github.com/0xPolygon/cdk/aggregator/aggregator.go:835.19,837.6 1 0
github.com/0xPolygon/cdk/aggregator/aggregator.go:839.5,840.19 2 0
github.com/0xPolygon/cdk/aggregator/aggregator.go:840.19,842.6 1 0
github.com/0xPolygon/cdk/aggregator/aggregator.go:844.5,844.24 1 0
github.com/0xPolygon/cdk/aggregator/aggregator.go:844.24,846.20 2 0
github.com/0xPolygon/cdk/aggregator/aggregator.go:846.20,848.7 1 0
github.com/0xPolygon/cdk/aggregator/aggregator.go:850.5,850.24 1 0
github.com/0xPolygon/cdk/aggregator/aggregator.go:850.24,853.6 1 0
github.com/0xPolygon/cdk/aggregator/aggregator.go:864.39,865.6 1 0
github.com/0xPolygon/cdk/aggregator/aggregator.go:865.6,866.10 1 0
github.com/0xPolygon/cdk/aggregator/aggregator.go:867.23,868.10 1 0
github.com/0xPolygon/cdk/aggregator/aggregator.go:869.30,879.18 7 0
github.com/0xPolygon/cdk/aggregator/aggregator.go:879.18,883.13 3 0
github.com/0xPolygon/cdk/aggregator/aggregator.go:886.4,892.35 2 0
github.com/0xPolygon/cdk/aggregator/aggregator.go:893.18,894.70 1 0
github.com/0xPolygon/cdk/aggregator/aggregator.go:894.70,895.14 1 0
github.com/0xPolygon/cdk/aggregator/aggregator.go:897.12,898.64 1 0
github.com/0xPolygon/cdk/aggregator/aggregator.go:898.64,899.14 1 0
github.com/0xPolygon/cdk/aggregator/aggregator.go:903.4,904.28 2 0
github.com/0xPolygon/cdk/aggregator/aggregator.go:912.44,926.16 5 0
github.com/0xPolygon/cdk/aggregator/aggregator.go:926.16,931.3 3 0
github.com/0xPolygon/cdk/aggregator/aggregator.go:933.2,936.16 4 0
github.com/0xPolygon/cdk/aggregator/aggregator.go:936.16,941.3 3 0
github.com/0xPolygon/cdk/aggregator/aggregator.go:943.2,947.74 5 0
github.com/0xPolygon/cdk/aggregator/aggregator.go:947.74,952.3 3 0
github.com/0xPolygon/cdk/aggregator/aggregator.go:954.2,954.13 1 0
github.com/0xPolygon/cdk/aggregator/aggregator.go:961.44,967.16 3 0
github.com/0xPolygon/cdk/aggregator/aggregator.go:967.16,972.3 3 0
github.com/0xPolygon/cdk/aggregator/aggregator.go:974.2,975.16 2 0
github.com/0xPolygon/cdk/aggregator/aggregator.go:975.16,982.3 5 0
github.com/0xPolygon/cdk/aggregator/aggregator.go:985.2,985.93 1 0
github.com/0xPolygon/cdk/aggregator/aggregator.go:985.93,987.3 1 0
github.com/0xPolygon/cdk/aggregator/aggregator.go:989.2,989.13 1 0
github.com/0xPolygon/cdk/aggregator/aggregator.go:992.106,999.16 4 0
github.com/0xPolygon/cdk/aggregator/aggregator.go:999.16,1001.3 1 0
github.com/0xPolygon/cdk/aggregator/aggregator.go:1002.2,1002.26 1 0
github.com/0xPolygon/cdk/aggregator/aggregator.go:1008.31,1018.16 3 0
github.com/0xPolygon/cdk/aggregator/aggregator.go:1018.16,1020.3 1 0
github.com/0xPolygon/cdk/aggregator/aggregator.go:1021.2,1027.16 5 0
github.com/0xPolygon/cdk/aggregator/aggregator.go:1027.16,1029.3 1 0
github.com/0xPolygon/cdk/aggregator/aggregator.go:1032.2,1033.69 1 0
github.com/0xPolygon/cdk/aggregator/aggregator.go:1033.69,1037.17 2 0
github.com/0xPolygon/cdk/aggregator/aggregator.go:1037.17,1039.4 1 0
github.com/0xPolygon/cdk/aggregator/aggregator.go:1040.3,1045.80 3 0
github.com/0xPolygon/cdk/aggregator/aggregator.go:1048.2,1048.24 1 0
github.com/0xPolygon/cdk/aggregator/aggregator.go:1055.120,1067.25 6 0
github.com/0xPolygon/cdk/aggregator/aggregator.go:1067.25,1071.3 2 0
github.com/0xPolygon/cdk/aggregator/aggregator.go:1072.2,1075.16 3 0
github.com/0xPolygon/cdk/aggregator/aggregator.go:1075.16,1077.3 1 0
github.com/0xPolygon/cdk/aggregator/aggregator.go:1079.2,1079.18 1 0
github.com/0xPolygon/cdk/aggregator/aggregator.go:1079.18,1084.40 2 0
github.com/0xPolygon/cdk/aggregator/aggregator.go:1084.40,1089.4 2 0
github.com/0xPolygon/cdk/aggregator/aggregator.go:1090.3,1090.17 1 0
github.com/0xPolygon/cdk/aggregator/aggregator.go:1090.17,1092.4 1 0
github.com/0xPolygon/cdk/aggregator/aggregator.go:1094.3,1094.16 1 0
github.com/0xPolygon/cdk/aggregator/aggregator.go:1094.16,1095.18 1 0
github.com/0xPolygon/cdk/aggregator/aggregator.go:1095.18,1099.20 3 0
github.com/0xPolygon/cdk/aggregator/aggregator.go:1099.20,1101.6 1 0
github.com/0xPolygon/cdk/aggregator/aggregator.go:1104.8,1108.17 2 0
github.com/0xPolygon/cdk/aggregator/aggregator.go:1108.17,1110.4 1 0
github.com/0xPolygon/cdk/aggregator/aggregator.go:1111.3,1111.16 1 0
github.com/0xPolygon/cdk/aggregator/aggregator.go:1111.16,1113.4 1 0
github.com/0xPolygon/cdk/aggregator/aggregator.go:1116.2,1123.16 3 0
github.com/0xPolygon/cdk/aggregator/aggregator.go:1123.16,1128.3 3 0
github.com/0xPolygon/cdk/aggregator/aggregator.go:1130.2,1137.9 2 0
github.com/0xPolygon/cdk/aggregator/aggregator.go:1138.22,1139.28 1 0
github.com/0xPolygon/cdk/aggregator/aggregator.go:1140.27,1140.27 0 0
github.com/0xPolygon/cdk/aggregator/aggregator.go:1143.2,1145.18 2 0
github.com/0xPolygon/cdk/aggregator/aggregator.go:1150.17,1153.46 2 0
github.com/0xPolygon/cdk/aggregator/aggregator.go:1153.46,1154.95 1 0
github.com/0xPolygon/cdk/aggregator/aggregator.go:1154.95,1160.4 1 0
github.com/0xPolygon/cdk/aggregator/aggregator.go:1160.9,1160.58 1 0
github.com/0xPolygon/cdk/aggregator/aggregator.go:1160.58,1167.18 3 0
github.com/0xPolygon/cdk/aggregator/aggregator.go:1167.18,1169.5 1 0
github.com/0xPolygon/cdk/aggregator/aggregator.go:1171.4,1171.21 1 0
github.com/0xPolygon/cdk/aggregator/aggregator.go:1172.9,1179.4 2 0
github.com/0xPolygon/cdk/aggregator/aggregator.go:1182.2,1183.16 2 0
github.com/0xPolygon/cdk/aggregator/aggregator.go:1183.16,1185.3 1 0
github.com/0xPolygon/cdk/aggregator/aggregator.go:1186.2,1186.16 1 0
github.com/0xPolygon/cdk/aggregator/aggregator.go:1186.16,1193.3 2 0
github.com/0xPolygon/cdk/aggregator/aggregator.go:1195.2,1195.18 1 0
github.com/0xPolygon/cdk/aggregator/aggregator.go:1200.25,1206.16 4 0
github.com/0xPolygon/cdk/aggregator/aggregator.go:1206.16,1208.3 1 0
github.com/0xPolygon/cdk/aggregator/aggregator.go:1210.2,1214.16 4 0
github.com/0xPolygon/cdk/aggregator/aggregator.go:1214.16,1216.3 1 0
github.com/0xPolygon/cdk/aggregator/aggregator.go:1218.2,1218.27 1 0
github.com/0xPolygon/cdk/aggregator/aggregator.go:1221.115,1224.16 2 0
github.com/0xPolygon/cdk/aggregator/aggregator.go:1224.16,1228.3 2 0
github.com/0xPolygon/cdk/aggregator/aggregator.go:1230.2,1232.16 3 0
github.com/0xPolygon/cdk/aggregator/aggregator.go:1232.16,1235.3 2 0
github.com/0xPolygon/cdk/aggregator/aggregator.go:1237.2,1237.16 1 0
github.com/0xPolygon/cdk/aggregator/aggregator.go:1237.16,1238.44 1 0
github.com/0xPolygon/cdk/aggregator/aggregator.go:1238.44,1243.4 3 0
github.com/0xPolygon/cdk/aggregator/aggregator.go:1245.3,1245.74 1 0
github.com/0xPolygon/cdk/aggregator/aggregator.go:1248.2,1249.16 2 0
github.com/0xPolygon/cdk/aggregator/aggregator.go:1249.16,1251.3 1 0
github.com/0xPolygon/cdk/aggregator/aggregator.go:1253.2,1253.12 1 0
github.com/0xPolygon/cdk/aggregator/aggregator.go:1258.39,1269.16 5 0
github.com/0xPolygon/cdk/aggregator/aggregator.go:1269.16,1271.3 1 0
github.com/0xPolygon/cdk/aggregator/aggregator.go:1274.2,1275.16 2 0
github.com/0xPolygon/cdk/aggregator/aggregator.go:1275.16,1279.3 2 0
github.com/0xPolygon/cdk/aggregator/aggregator.go:1281.2,1284.16 4 0
github.com/0xPolygon/cdk/aggregator/aggregator.go:1284.16,1287.3 2 0
github.com/0xPolygon/cdk/aggregator/aggregator.go:1289.2,1289.16 1 0
github.com/0xPolygon/cdk/aggregator/aggregator.go:1289.16,1290.44 1 0
github.com/0xPolygon/cdk/aggregator/aggregator.go:1290.44,1295.4 3 0
github.com/0xPolygon/cdk/aggregator/aggregator.go:1297.3,1297.79 1 0
github.com/0xPolygon/cdk/aggregator/aggregator.go:1300.2,1301.16 2 0
github.com/0xPolygon/cdk/aggregator/aggregator.go:1301.16,1303.3 1 0
github.com/0xPolygon/cdk/aggregator/aggregator.go:1305.2,1305.28 1 0
github.com/0xPolygon/cdk/aggregator/aggregator.go:1308.100,1320.40 6 0
github.com/0xPolygon/cdk/aggregator/aggregator.go:1320.40,1325.3 2 0
github.com/0xPolygon/cdk/aggregator/aggregator.go:1326.2,1326.17 1 0
github.com/0xPolygon/cdk/aggregator/aggregator.go:1326.17,1328.3 1 0
github.com/0xPolygon/cdk/aggregator/aggregator.go:1330.2,1335.15 2 0
github.com/0xPolygon/cdk/aggregator/aggregator.go:1335.15,1336.17 1 0
github.com/0xPolygon/cdk/aggregator/aggregator.go:1336.17,1338.19 2 0
github.com/0xPolygon/cdk/aggregator/aggregator.go:1338.19,1340.5 1 0
github.com/0xPolygon/cdk/aggregator/aggregator.go:1342.3,1342.38 1 0
github.com/0xPolygon/cdk/aggregator/aggregator.go:1345.2,1358.16 6 0
github.com/0xPolygon/cdk/aggregator/aggregator.go:1358.16,1363.3 3 0
github.com/0xPolygon/cdk/aggregator/aggregator.go:1365.2,1374.16 3 0
github.com/0xPolygon/cdk/aggregator/aggregator.go:1374.16,1379.3 3 0
github.com/0xPolygon/cdk/aggregator/aggregator.go:1381.2,1387.16 5 0
github.com/0xPolygon/cdk/aggregator/aggregator.go:1387.16,1392.3 3 0
github.com/0xPolygon/cdk/aggregator/aggregator.go:1394.2,1401.16 4 0
github.com/0xPolygon/cdk/aggregator/aggregator.go:1401.16,1406.3 3 0
github.com/0xPolygon/cdk/aggregator/aggregator.go:1408.2,1409.16 2 0
github.com/0xPolygon/cdk/aggregator/aggregator.go:1409.16,1410.44 1 0
github.com/0xPolygon/cdk/aggregator/aggregator.go:1410.44,1415.4 3 0
github.com/0xPolygon/cdk/aggregator/aggregator.go:1416.3,1419.20 3 0
github.com/0xPolygon/cdk/aggregator/aggregator.go:1422.2,1426.16 4 0
github.com/0xPolygon/cdk/aggregator/aggregator.go:1426.16,1427.44 1 0
github.com/0xPolygon/cdk/aggregator/aggregator.go:1427.44,1432.4 3 0
github.com/0xPolygon/cdk/aggregator/aggregator.go:1433.3,1436.20 3 0
github.com/0xPolygon/cdk/aggregator/aggregator.go:1439.2,1440.16 2 0
github.com/0xPolygon/cdk/aggregator/aggregator.go:1440.16,1445.3 3 0
github.com/0xPolygon/cdk/aggregator/aggregator.go:1452.2,1453.26 2 0
github.com/0xPolygon/cdk/aggregator/aggregator.go:1453.26,1456.3 1 0
github.com/0xPolygon/cdk/aggregator/aggregator.go:1460.2,1460.22 1 0
github.com/0xPolygon/cdk/aggregator/aggregator.go:1460.22,1465.17 3 0
github.com/0xPolygon/cdk/aggregator/aggregator.go:1465.17,1470.4 3 0
github.com/0xPolygon/cdk/aggregator/aggregator.go:1473.2,1473.18 1 0
github.com/0xPolygon/cdk/aggregator/aggregator.go:1476.114,1478.16 2 0
github.com/0xPolygon/cdk/aggregator/aggregator.go:1478.16,1480.3 1 0
github.com/0xPolygon/cdk/aggregator/aggregator.go:1482.2,1482.27 1 0
github.com/0xPolygon/cdk/aggregator/aggregator.go:1487.47,1502.16 7 0
github.com/0xPolygon/cdk/aggregator/aggregator.go:1502.16,1504.3 1 0
github.com/0xPolygon/cdk/aggregator/aggregator.go:1506.2,1510.18 3 0
github.com/0xPolygon/cdk/aggregator/aggregator.go:1510.18,1513.17 3 0
github.com/0xPolygon/cdk/aggregator/aggregator.go:1513.17,1517.4 2 0
github.com/0xPolygon/cdk/aggregator/aggregator.go:1521.2,1522.57 2 0
github.com/0xPolygon/cdk/aggregator/aggregator.go:1522.57,1524.3 1 0
github.com/0xPolygon/cdk/aggregator/aggregator.go:1527.2,1527.61 1 0
github.com/0xPolygon/cdk/aggregator/aggregator.go:1527.61,1531.3 2 0
github.com/0xPolygon/cdk/aggregator/aggregator.go:1533.2,1540.16 3 0
github.com/0xPolygon/cdk/aggregator/aggregator.go:1540.16,1541.40 1 0
github.com/0xPolygon/cdk/aggregator/aggregator.go:1541.40,1543.4 1 0
github.com/0xPolygon/cdk/aggregator/aggregator.go:1545.3,1545.28 1 0
github.com/0xPolygon/cdk/aggregator/aggregator.go:1549.2,1549.31 1 0
github.com/0xPolygon/cdk/aggregator/aggregator.go:1549.31,1553.3 2 0
github.com/0xPolygon/cdk/aggregator/aggregator.go:1555.2,1556.16 2 0
github.com/0xPolygon/cdk/aggregator/aggregator.go:1556.16,1560.3 2 0
github.com/0xPolygon/cdk/aggregator/aggregator.go:1563.2,1570.16 5 0
github.com/0xPolygon/cdk/aggregator/aggregator.go:1570.16,1574.3 2 0
github.com/0xPolygon/cdk/aggregator/aggregator.go:1576.2,1576.19 1 0
github.com/0xPolygon/cdk/aggregator/aggregator.go:1576.19,1580.3 2 0
github.com/0xPolygon/cdk/aggregator/aggregator.go:1582.2,1593.16 4 0
github.com/0xPolygon/cdk/aggregator/aggregator.go:1593.16,1597.3 2 0
github.com/0xPolygon/cdk/aggregator/aggregator.go:1599.2,1599.52 1 0
github.com/0xPolygon/cdk/aggregator/aggregator.go:1602.103,1611.81 4 0
github.com/0xPolygon/cdk/aggregator/aggregator.go:1611.81,1616.3 2 0
github.com/0xPolygon/cdk/aggregator/aggregator.go:1617.2,1617.17 1 0
github.com/0xPolygon/cdk/aggregator/aggregator.go:1617.17,1619.3 1 0
github.com/0xPolygon/cdk/aggregator/aggregator.go:1621.2,1628.15 3 0
github.com/0xPolygon/cdk/aggregator/aggregator.go:1628.15,1629.17 1 0
github.com/0xPolygon/cdk/aggregator/aggregator.go:1629.17,1632.19 3 0
github.com/0xPolygon/cdk/aggregator/aggregator.go:1632.19,1634.5 1 0
github.com/0xPolygon/cdk/aggregator/aggregator.go:1636.3,1636.41 1 0
github.com/0xPolygon/cdk/aggregator/aggregator.go:1639.2,1641.16 3 0
github.com/0xPolygon/cdk/aggregator/aggregator.go:1641.16,1646.3 3 0
github.com/0xPolygon/cdk/aggregator/aggregator.go:1648.2,1652.16 3 0
github.com/0xPolygon/cdk/aggregator/aggregator.go:1652.16,1657.3 3 0
github.com/0xPolygon/cdk/aggregator/aggregator.go:1659.2,1664.16 4 0
github.com/0xPolygon/cdk/aggregator/aggregator.go:1664.16,1669.3 3 0
github.com/0xPolygon/cdk/aggregator/aggregator.go:1671.2,1674.113 2 0
github.com/0xPolygon/cdk/aggregator/aggregator.go:1674.113,1675.7 1 0
github.com/0xPolygon/cdk/aggregator/aggregator.go:1675.7,1681.4 2 0
github.com/0xPolygon/cdk/aggregator/aggregator.go:1682.8,1684.3 1 0
github.com/0xPolygon/cdk/aggregator/aggregator.go:1686.2,1692.26 3 0
github.com/0xPolygon/cdk/aggregator/aggregator.go:1692.26,1695.3 1 0
github.com/0xPolygon/cdk/aggregator/aggregator.go:1699.2,1699.22 1 0
github.com/0xPolygon/cdk/aggregator/aggregator.go:1699.22,1704.17 3 0
github.com/0xPolygon/cdk/aggregator/aggregator.go:1704.17,1709.4 3 0
github.com/0xPolygon/cdk/aggregator/aggregator.go:1712.2,1712.18 1 0
github.com/0xPolygon/cdk/aggregator/aggregator.go:1717.44,1722.2 3 0
github.com/0xPolygon/cdk/aggregator/aggregator.go:1726.47,1730.2 3 0
github.com/0xPolygon/cdk/aggregator/aggregator.go:1733.45,1737.2 3 0
github.com/0xPolygon/cdk/aggregator/aggregator.go:1740.45,1744.2 3 0
github.com/0xPolygon/cdk/aggregator/aggregator.go:1748.41,1753.75 4 0
github.com/0xPolygon/cdk/aggregator/aggregator.go:1753.75,1755.3 1 0
github.com/0xPolygon/cdk/aggregator/aggregator.go:1755.8,1757.17 2 0
github.com/0xPolygon/cdk/aggregator/aggregator.go:1757.17,1761.4 2 0
github.com/0xPolygon/cdk/aggregator/aggregator.go:1764.2,1767.20 4 0
github.com/0xPolygon/cdk/aggregator/aggregator.go:1767.20,1769.17 2 0
github.com/0xPolygon/cdk/aggregator/aggregator.go:1769.17,1771.4 1 0
github.com/0xPolygon/cdk/aggregator/aggregator.go:1773.3,1774.58 2 0
github.com/0xPolygon/cdk/aggregator/aggregator.go:1774.58,1776.4 1 0
github.com/0xPolygon/cdk/aggregator/aggregator.go:1778.3,1779.31 2 0
github.com/0xPolygon/cdk/aggregator/aggregator.go:1779.31,1781.4 1 0
github.com/0xPolygon/cdk/aggregator/aggregator.go:1783.3,1783.50 1 0
github.com/0xPolygon/cdk/aggregator/aggregator.go:1783.50,1785.53 2 0
github.com/0xPolygon/cdk/aggregator/aggregator.go:1785.53,1787.19 2 0
github.com/0xPolygon/cdk/aggregator/aggregator.go:1787.19,1791.6 2 0
github.com/0xPolygon/cdk/aggregator/aggregator.go:1793.5,1798.19 4 0
github.com/0xPolygon/cdk/aggregator/aggregator.go:1798.19,1802.6 2 0
github.com/0xPolygon/cdk/aggregator/aggregator.go:1804.5,1804.57 1 0
github.com/0xPolygon/cdk/aggregator/aggregator.go:1804.57,1809.6 1 0
github.com/0xPolygon/cdk/aggregator/aggregator.go:1811.5,1813.36 2 0
github.com/0xPolygon/cdk/aggregator/aggregator.go:1813.36,1816.6 2 0
github.com/0xPolygon/cdk/aggregator/aggregator.go:1818.5,1823.6 1 0
github.com/0xPolygon/cdk/aggregator/aggregator.go:1826.8,1828.37 1 0
github.com/0xPolygon/cdk/aggregator/aggregator.go:1828.37,1830.18 2 0
github.com/0xPolygon/cdk/aggregator/aggregator.go:1830.18,1834.5 2 0
github.com/0xPolygon/cdk/aggregator/aggregator.go:1835.4,1836.18 2 0
github.com/0xPolygon/cdk/aggregator/aggregator.go:1836.18,1840.5 2 0
github.com/0xPolygon/cdk/aggregator/aggregator.go:1842.4,1843.53 2 0
github.com/0xPolygon/cdk/aggregator/aggregator.go:1853.2,1854.16 2 0
github.com/0xPolygon/cdk/aggregator/aggregator.go:1854.16,1856.3 1 0
github.com/0xPolygon/cdk/aggregator/aggregator.go:1858.2,1877.25 3 0
github.com/0xPolygon/cdk/aggregator/aggregator.go:1880.83,1886.17 5 0
github.com/0xPolygon/cdk/aggregator/aggregator.go:1886.17,1888.3 1 0
github.com/0xPolygon/cdk/aggregator/aggregator.go:1890.2,1893.16 3 0
github.com/0xPolygon/cdk/aggregator/aggregator.go:1893.16,1895.3 1 0
github.com/0xPolygon/cdk/aggregator/aggregator.go:1898.2,1898.27 1 0
github.com/0xPolygon/cdk/aggregator/aggregator.go:1898.27,1899.39 1 0
github.com/0xPolygon/cdk/aggregator/aggregator.go:1899.39,1901.4 1 0
github.com/0xPolygon/cdk/aggregator/aggregator.go:1903.3,1903.93 1 0
github.com/0xPolygon/cdk/aggregator/aggregator.go:1906.2,1907.16 2 0
github.com/0xPolygon/cdk/aggregator/aggregator.go:1907.16,1909.3 1 0
github.com/0xPolygon/cdk/aggregator/aggregator.go:1911.2,1912.31 2 0
github.com/0xPolygon/cdk/aggregator/aggregator.go:1912.31,1914.3 1 0
github.com/0xPolygon/cdk/aggregator/aggregator.go:1915.2,1917.19 2 0
github.com/0xPolygon/cdk/aggregator/aggregator.go:1920.65,1931.2 9 0
github.com/0xPolygon/cdk/aggregator/aggregator.go:1938.40,1940.2 1 0
github.com/0xPolygon/cdk/aggregator/aggregator.go:1948.44,1954.2 2 0
github.com/0xPolygon/cdk/aggregator/aggregator.go:1958.112,1964.2 2 0
github.com/0xPolygon/cdk/aggregator/aggregator.go:1966.85,1968.59 2 0
github.com/0xPolygon/cdk/aggregator/aggregator.go:1968.59,1970.3 1 0
github.com/0xPolygon/cdk/aggregator/aggregator.go:2018.44,2019.6 1 0
github.com/0xPolygon/cdk/aggregator/aggregator.go:2019.6,2020.10 1 0
github.com/0xPolygon/cdk/aggregator/aggregator.go:2021.23,2022.10 1 0
github.com/0xPolygon/cdk/aggregator/aggregator.go:2023.57,2025.18 2 0
github.com/0xPolygon/cdk/aggregator/aggregator.go:2025.18,2027.5 1 0
github.com/0xPolygon/cdk/aggregator/aggregator.go:2028.4,2028.14 1 0
github.com/0xPolygon/cdk/aggregator/aggregator.go:2028.14,2030.5 1 0
github.com/0xPolygon/cdk/aggregator/aggregator.go:2030.10,2030.20 1 0
github.com/0xPolygon/cdk/aggregator/aggregator.go:2030.20,2032.5 1 0
github.com/0xPolygon/cdk/aggregator/aggregator.go:2039.36,2044.2 3 0
github.com/0xPolygon/cdk/aggregator/config.go:38.68,40.9 2 0
github.com/0xPolygon/cdk/aggregator/config.go:40.9,42.3 1 0
github.com/0xPolygon/cdk/aggregator/config.go:43.2,49.12 6 0
github.com/0xPolygon/cdk/aggregator/config.go:169.82,170.42 1 0
github.com/0xPolygon/cdk/aggregator/config.go:170.42,172.3 1 0
github.com/0xPolygon/cdk/aggregator/config.go:173.2,174.16 2 0
github.com/0xPolygon/cdk/aggregator/config.go:174.16,176.3 1 0
github.com/0xPolygon/cdk/aggregator/config.go:177.2,178.16 2 0
github.com/0xPolygon/cdk/aggregator/config.go:178.16,180.3 1 0
github.com/0xPolygon/cdk/aggregator/config.go:182.2,182.28 1 0
github.com/0xPolygon/cdk/aggregator/profitabilitychecker.go:29.31,35.2 1 0
github.com/0xPolygon/cdk/aggregator/profitabilitychecker.go:38.111,49.2 1 0
github.com/0xPolygon/cdk/aggregator/profitabilitychecker.go:58.120,63.2 1 0
github.com/0xPolygon/cdk/aggregator/profitabilitychecker.go:66.116,77.2 1 0
github.com/0xPolygon/cdk/common/common.go:13.39,20.2 4 0
github.com/0xPolygon/cdk/common/common.go:23.41,25.2 1 0
github.com/0xPolygon/cdk/common/common.go:28.39,35.2 4 0
github.com/0xPolygon/cdk/common/common.go:38.41,40.2 1 0
github.com/0xPolygon/cdk/common/common.go:50.15,59.19 7 0
github.com/0xPolygon/cdk/common/common.go:59.19,61.3 1 0
github.com/0xPolygon/cdk/common/common.go:63.2,63.19 1 0
github.com/0xPolygon/cdk/common/common.go:63.19,65.3 1 0
github.com/0xPolygon/cdk/common/common.go:67.2,67.18 1 0
github.com/0xPolygon/cdk/common/common.go:67.18,69.3 1 0
github.com/0xPolygon/cdk/common/common.go:71.2,71.19 1 0
github.com/0xPolygon/cdk/common/common.go:71.19,73.3 1 0
github.com/0xPolygon/cdk/common/common.go:75.2,75.19 1 0
github.com/0xPolygon/cdk/common/common.go:75.19,77.3 1 0
github.com/0xPolygon/cdk/common/common.go:79.2,88.67 8 0
github.com/0xPolygon/cdk/cmd/main.go:58.13,84.16 7 0
github.com/0xPolygon/cdk/cmd/main.go:84.16,87.3 2 0
github.com/0xPolygon/cdk/cmd/run.go:47.39,49.16 2 0
github.com/0xPolygon/cdk/cmd/run.go:49.16,51.3 1 0
github.com/0xPolygon/cdk/cmd/run.go:53.2,55.53 2 0
github.com/0xPolygon/cdk/cmd/run.go:55.53,58.3 2 0
github.com/0xPolygon/cdk/cmd/run.go:58.8,58.59 1 0
github.com/0xPolygon/cdk/cmd/run.go:58.59,60.3 1 0
github.com/0xPolygon/cdk/cmd/run.go:62.2,66.12 5 0
github.com/0xPolygon/cdk/cmd/run.go:66.12,67.37 1 0
github.com/0xPolygon/cdk/cmd/run.go:67.37,69.4 1 0
github.com/0xPolygon/cdk/cmd/run.go:72.2,73.12 2 0
github.com/0xPolygon/cdk/cmd/run.go:73.12,74.37 1 0
github.com/0xPolygon/cdk/cmd/run.go:74.37,76.4 1 0
github.com/0xPolygon/cdk/cmd/run.go:79.2,91.39 7 0
github.com/0xPolygon/cdk/cmd/run.go:91.39,92.20 1 0
github.com/0xPolygon/cdk/cmd/run.go:93.24,97.38 3 0
github.com/0xPolygon/cdk/cmd/run.go:99.19,102.14 2 0
github.com/0xPolygon/cdk/cmd/run.go:102.14,103.46 1 0
github.com/0xPolygon/cdk/cmd/run.go:103.46,105.6 1 0
github.com/0xPolygon/cdk/cmd/run.go:107.18,109.38 2 0
github.com/0xPolygon/cdk/cmd/run.go:110.12,121.14 2 0
github.com/0xPolygon/cdk/cmd/run.go:121.14,122.42 1 0
github.com/0xPolygon/cdk/cmd/run.go:122.42,124.6 1 0
github.com/0xPolygon/cdk/cmd/run.go:129.2,131.12 2 0
github.com/0xPolygon/cdk/cmd/run.go:134.104,136.19 1 0
github.com/0xPolygon/cdk/cmd/run.go:136.19,142.3 2 0
github.com/0xPolygon/cdk/cmd/run.go:145.2,146.16 2 0
github.com/0xPolygon/cdk/cmd/run.go:146.16,148.3 1 0
github.com/0xPolygon/cdk/cmd/run.go:150.2,151.16 2 0
github.com/0xPolygon/cdk/cmd/run.go:151.16,153.3 1 0
github.com/0xPolygon/cdk/cmd/run.go:156.2,157.16 2 0
github.com/0xPolygon/cdk/cmd/run.go:157.16,159.3 1 0
github.com/0xPolygon/cdk/cmd/run.go:161.2,172.16 7 0
github.com/0xPolygon/cdk/cmd/run.go:172.16,174.3 1 0
github.com/0xPolygon/cdk/cmd/run.go:176.2,176.19 1 0
github.com/0xPolygon/cdk/cmd/run.go:183.34,196.16 2 0
github.com/0xPolygon/cdk/cmd/run.go:196.16,198.3 1 0
github.com/0xPolygon/cdk/cmd/run.go:200.2,201.16 2 0
github.com/0xPolygon/cdk/cmd/run.go:201.16,203.3 1 0
github.com/0xPolygon/cdk/cmd/run.go:204.2,208.16 4 0
github.com/0xPolygon/cdk/cmd/run.go:208.16,210.3 1 0
github.com/0xPolygon/cdk/cmd/run.go:211.2,212.16 2 0
github.com/0xPolygon/cdk/cmd/run.go:212.16,214.3 1 0
github.com/0xPolygon/cdk/cmd/run.go:215.2,216.16 2 0
github.com/0xPolygon/cdk/cmd/run.go:216.16,218.3 1 0
github.com/0xPolygon/cdk/cmd/run.go:220.2,220.18 1 0
github.com/0xPolygon/cdk/cmd/run.go:229.32,231.16 2 0
github.com/0xPolygon/cdk/cmd/run.go:231.16,233.3 1 0
github.com/0xPolygon/cdk/cmd/run.go:234.2,235.16 2 0
github.com/0xPolygon/cdk/cmd/run.go:235.16,237.3 1 0
github.com/0xPolygon/cdk/cmd/run.go:238.2,240.60 2 0
github.com/0xPolygon/cdk/cmd/run.go:241.31,242.32 1 0
github.com/0xPolygon/cdk/cmd/run.go:242.32,253.4 1 0
github.com/0xPolygon/cdk/cmd/run.go:253.9,263.4 1 0
github.com/0xPolygon/cdk/cmd/run.go:264.35,265.32 1 0
github.com/0xPolygon/cdk/cmd/run.go:265.32,269.4 1 0
github.com/0xPolygon/cdk/cmd/run.go:269.9,273.4 1 0
github.com/0xPolygon/cdk/cmd/run.go:274.10,275.80 1 0
github.com/0xPolygon/cdk/cmd/run.go:278.2,278.23 1 0
github.com/0xPolygon/cdk/cmd/run.go:286.24,288.39 2 0
github.com/0xPolygon/cdk/cmd/run.go:289.26,296.17 3 0
github.com/0xPolygon/cdk/cmd/run.go:296.17,298.4 1 0
github.com/0xPolygon/cdk/cmd/run.go:299.3,308.17 3 0
github.com/0xPolygon/cdk/cmd/run.go:308.17,310.4 1 0
github.com/0xPolygon/cdk/cmd/run.go:311.10,315.4 1 0
github.com/0xPolygon/cdk/cmd/run.go:317.2,324.16 2 0
github.com/0xPolygon/cdk/cmd/run.go:324.16,326.3 1 0
github.com/0xPolygon/cdk/cmd/run.go:328.2,328.18 1 0
github.com/0xPolygon/cdk/cmd/run.go:331.114,332.30 1 0
github.com/0xPolygon/cdk/cmd/run.go:332.30,334.3 1 0
github.com/0xPolygon/cdk/cmd/run.go:335.2,341.16 5 0
github.com/0xPolygon/cdk/cmd/run.go:341.16,343.3 1 0
github.com/0xPolygon/cdk/cmd/run.go:344.2,345.24 2 0
github.com/0xPolygon/cdk/cmd/run.go:346.58,352.17 3 0
github.com/0xPolygon/cdk/cmd/run.go:352.17,354.4 1 0
github.com/0xPolygon/cdk/cmd/run.go:355.3,356.17 2 0
github.com/0xPolygon/cdk/cmd/run.go:356.17,358.4 1 0
github.com/0xPolygon/cdk/cmd/run.go:360.3,367.17 2 0
github.com/0xPolygon/cdk/cmd/run.go:367.17,369.4 1 0
github.com/0xPolygon/cdk/cmd/run.go:370.10,371.85 1 0
github.com/0xPolygon/cdk/cmd/run.go:374.2,374.40 1 0
github.com/0xPolygon/cdk/cmd/run.go:377.43,379.2 1 0
github.com/0xPolygon/cdk/cmd/run.go:381.46,384.16 3 0
github.com/0xPolygon/cdk/cmd/run.go:384.16,386.3 1 0
github.com/0xPolygon/cdk/cmd/run.go:389.61,398.2 1 0
github.com/0xPolygon/cdk/cmd/run.go:400.19,409.2 1 0
github.com/0xPolygon/cdk/cmd/run.go:411.51,415.27 3 0
github.com/0xPolygon/cdk/cmd/run.go:415.27,416.14 1 0
github.com/0xPolygon/cdk/cmd/run.go:417.30,421.39 3 0
github.com/0xPolygon/cdk/cmd/run.go:421.39,423.5 1 0
github.com/0xPolygon/cdk/cmd/run.go:424.4,424.23 1 0
github.com/0xPolygon/cdk/cmd/run.go:429.85,440.2 4 0
github.com/0xPolygon/cdk/cmd/run.go:445.32,447.16 2 0
github.com/0xPolygon/cdk/cmd/run.go:447.16,449.3 1 0
github.com/0xPolygon/cdk/cmd/run.go:451.2,451.11 1 0
github.com/0xPolygon/cdk/cmd/run.go:454.60,455.41 1 0
github.com/0xPolygon/cdk/cmd/run.go:455.41,456.52 1 0
github.com/0xPolygon/cdk/cmd/run.go:456.52,457.37 1 0
github.com/0xPolygon/cdk/cmd/run.go:457.37,459.5 1 0
github.com/0xPolygon/cdk/cmd/run.go:463.2,463.14 1 0
github.com/0xPolygon/cdk/cmd/run.go:472.34,473.70 1 0
github.com/0xPolygon/cdk/cmd/run.go:473.70,475.3 1 0
github.com/0xPolygon/cdk/cmd/run.go:476.2,490.16 2 0
github.com/0xPolygon/cdk/cmd/run.go:490.16,492.3 1 0
github.com/0xPolygon/cdk/cmd/run.go:493.2,495.23 2 0
github.com/0xPolygon/cdk/cmd/run.go:498.82,499.82 1 0
github.com/0xPolygon/cdk/cmd/run.go:499.82,501.3 1 0
github.com/0xPolygon/cdk/cmd/run.go:502.2,504.16 3 0
github.com/0xPolygon/cdk/cmd/run.go:504.16,506.3 1 0
github.com/0xPolygon/cdk/cmd/run.go:508.2,508.17 1 0
github.com/0xPolygon/cdk/cmd/run.go:511.82,512.53 1 0
github.com/0xPolygon/cdk/cmd/run.go:512.53,514.3 1 0
github.com/0xPolygon/cdk/cmd/run.go:515.2,517.16 3 0
github.com/0xPolygon/cdk/cmd/run.go:517.16,519.3 1 0
github.com/0xPolygon/cdk/cmd/run.go:521.2,521.17 1 0
github.com/0xPolygon/cdk/cmd/run.go:529.46,530.82 1 0
github.com/0xPolygon/cdk/cmd/run.go:530.82,532.3 1 0
github.com/0xPolygon/cdk/cmd/run.go:533.2,536.12 3 0
github.com/0xPolygon/cdk/cmd/run.go:536.12,537.39 1 0
github.com/0xPolygon/cdk/cmd/run.go:537.39,539.4 1 0
github.com/0xPolygon/cdk/cmd/run.go:540.3,540.17 1 0
github.com/0xPolygon/cdk/cmd/run.go:543.2,543.20 1 0
github.com/0xPolygon/cdk/cmd/run.go:551.46,552.53 1 0
github.com/0xPolygon/cdk/cmd/run.go:552.53,554.3 1 0
github.com/0xPolygon/cdk/cmd/run.go:555.2,558.12 3 0
github.com/0xPolygon/cdk/cmd/run.go:558.12,559.39 1 0
github.com/0xPolygon/cdk/cmd/run.go:559.39,561.4 1 0
github.com/0xPolygon/cdk/cmd/run.go:562.3,562.17 1 0
github.com/0xPolygon/cdk/cmd/run.go:565.2,565.20 1 0
github.com/0xPolygon/cdk/cmd/run.go:573.30,574.58 1 0
github.com/0xPolygon/cdk/cmd/run.go:574.58,576.3 1 0
github.com/0xPolygon/cdk/cmd/run.go:579.2,580.16 2 0
github.com/0xPolygon/cdk/cmd/run.go:580.16,582.3 1 0
github.com/0xPolygon/cdk/cmd/run.go:583.2,597.16 3 0
github.com/0xPolygon/cdk/cmd/run.go:597.16,599.3 1 0
github.com/0xPolygon/cdk/cmd/run.go:600.2,602.11 2 0
github.com/0xPolygon/cdk/cmd/run.go:612.50,613.42 1 0
github.com/0xPolygon/cdk/cmd/run.go:613.42,615.3 1 0
github.com/0xPolygon/cdk/cmd/run.go:616.2,625.16 2 0
github.com/0xPolygon/cdk/cmd/run.go:625.16,627.3 1 0
github.com/0xPolygon/cdk/cmd/run.go:628.2,630.31 2 0
github.com/0xPolygon/cdk/cmd/run.go:640.28,641.42 1 0
github.com/0xPolygon/cdk/cmd/run.go:641.42,643.3 1 0
github.com/0xPolygon/cdk/cmd/run.go:644.2,657.16 2 0
github.com/0xPolygon/cdk/cmd/run.go:657.16,659.3 1 0
github.com/0xPolygon/cdk/cmd/run.go:660.2,662.20 2 0
github.com/0xPolygon/cdk/cmd/run.go:671.26,672.42 1 0
github.com/0xPolygon/cdk/cmd/run.go:672.42,674.3 1 0
github.com/0xPolygon/cdk/cmd/run.go:675.2,688.16 2 0
github.com/0xPolygon/cdk/cmd/run.go:688.16,690.3 1 0
github.com/0xPolygon/cdk/cmd/run.go:691.2,693.21 2 0
github.com/0xPolygon/cdk/cmd/run.go:702.26,704.42 1 0
github.com/0xPolygon/cdk/cmd/run.go:704.42,706.3 1 0
github.com/0xPolygon/cdk/cmd/run.go:707.2,720.16 2 0
github.com/0xPolygon/cdk/cmd/run.go:720.16,722.3 1 0
github.com/0xPolygon/cdk/cmd/run.go:723.2,725.21 2 0
github.com/0xPolygon/cdk/cmd/run.go:737.16,754.2 1 0
github.com/0xPolygon/cdk/cmd/version.go:10.37,14.2 2 0
github.com/0xPolygon/cdk/config/config.go:115.33,120.16 4 0
github.com/0xPolygon/cdk/config/config.go:120.16,122.3 1 0
github.com/0xPolygon/cdk/config/config.go:124.2,125.16 2 0
github.com/0xPolygon/cdk/config/config.go:125.16,127.3 1 0
github.com/0xPolygon/cdk/config/config.go:129.2,129.18 1 0
github.com/0xPolygon/cdk/config/config.go:133.46,135.16 2 0
github.com/0xPolygon/cdk/config/config.go:135.16,137.3 1 0
github.com/0xPolygon/cdk/config/config.go:139.2,140.26 2 0
github.com/0xPolygon/cdk/config/config.go:140.26,149.3 6 0
github.com/0xPolygon/cdk/config/config.go:151.2,157.16 6 0
github.com/0xPolygon/cdk/config/config.go:157.16,159.43 2 0
github.com/0xPolygon/cdk/config/config.go:159.43,161.4 1 0
github.com/0xPolygon/cdk/config/config.go:161.9,165.4 2 0
github.com/0xPolygon/cdk/config/config.go:168.2,179.16 3 0
github.com/0xPolygon/cdk/config/config.go:179.16,181.3 1 0
github.com/0xPolygon/cdk/config/config.go:183.2,185.17 2 0
github.com/0xPolygon/cdk/config/network.go:69.56,73.16 3 0
github.com/0xPolygon/cdk/config/network.go:73.16,74.21 1 0
github.com/0xPolygon/cdk/config/network.go:77.2,78.16 2 0
github.com/0xPolygon/cdk/config/network.go:78.16,79.86 1 0
github.com/0xPolygon/cdk/config/network.go:81.2,81.28 1 0
github.com/0xPolygon/cdk/config/network.go:85.62,86.19 1 0
github.com/0xPolygon/cdk/config/network.go:86.19,88.17 2 0
github.com/0xPolygon/cdk/config/network.go:88.17,90.4 1 0
github.com/0xPolygon/cdk/config/network.go:92.3,92.16 1 0
github.com/0xPolygon/cdk/config/network.go:92.16,94.18 2 0
github.com/0xPolygon/cdk/config/network.go:94.18,96.5 1 0
github.com/0xPolygon/cdk/config/network.go:99.3,100.17 2 0
github.com/0xPolygon/cdk/config/network.go:100.17,102.4 1 0
github.com/0xPolygon/cdk/config/network.go:104.3,104.24 1 0
github.com/0xPolygon/cdk/config/network.go:105.8,107.3 1 0
github.com/0xPolygon/cdk/config/network.go:111.71,115.66 3 0
github.com/0xPolygon/cdk/config/network.go:115.66,117.3 1 0
github.com/0xPolygon/cdk/config/network.go:119.2,119.31 1 0
github.com/0xPolygon/cdk/config/network.go:119.31,121.3 1 0
github.com/0xPolygon/cdk/config/network.go:123.2,130.42 3 0
github.com/0xPolygon/cdk/config/network.go:130.42,131.54 1 0
github.com/0xPolygon/cdk/config/network.go:131.54,138.4 2 0
github.com/0xPolygon/cdk/config/network.go:140.3,140.50 1 0
github.com/0xPolygon/cdk/config/network.go:140.50,147.4 2 0
github.com/0xPolygon/cdk/config/network.go:149.3,149.29 1 0
github.com/0xPolygon/cdk/config/network.go:149.29,156.4 2 0
github.com/0xPolygon/cdk/config/network.go:158.3,158.31 1 0
github.com/0xPolygon/cdk/config/network.go:158.31,159.58 1 0
github.com/0xPolygon/cdk/config/network.go:159.58,167.5 2 0
github.com/0xPolygon/cdk/config/network.go:171.2,171.17 1 0
github.com/0xPolygon/cdk/dataavailability/dataavailability.go:15.58,21.2 2 0
github.com/0xPolygon/cdk/dataavailability/dataavailability.go:26.19,28.2 1 0
github.com/0xPolygon/cdk/dataavailability/dataavailability.go:31.110,33.2 1 0
github.com/0xPolygon/cdk/dataavailability/mocks_da/batch_data_provider.go:20.67,22.2 1 0
github.com/0xPolygon/cdk/dataavailability/mocks_da/batch_data_provider.go:25.141,28.19 2 0
github.com/0xPolygon/cdk/dataavailability/mocks_da/batch_data_provider.go:28.19,29.56 1 0
github.com/0xPolygon/cdk/dataavailability/mocks_da/batch_data_provider.go:32.2,34.88 3 0
github.com/0xPolygon/cdk/dataavailability/mocks_da/batch_data_provider.go:34.88,36.3 1 0
github.com/0xPolygon/cdk/dataavailability/mocks_da/batch_data_provider.go:37.2,37.79 1 0
github.com/0xPolygon/cdk/dataavailability/mocks_da/batch_data_provider.go:37.79,39.3 1 0
github.com/0xPolygon/cdk/dataavailability/mocks_da/batch_data_provider.go:39.8,40.24 1 0
github.com/0xPolygon/cdk/dataavailability/mocks_da/batch_data_provider.go:40.24,42.4 1 0
github.com/0xPolygon/cdk/dataavailability/mocks_da/batch_data_provider.go:45.2,45.76 1 0
github.com/0xPolygon/cdk/dataavailability/mocks_da/batch_data_provider.go:45.76,47.3 1 0
github.com/0xPolygon/cdk/dataavailability/mocks_da/batch_data_provider.go:47.8,49.3 1 0
github.com/0xPolygon/cdk/dataavailability/mocks_da/batch_data_provider.go:51.2,51.15 1 0
github.com/0xPolygon/cdk/dataavailability/mocks_da/batch_data_provider.go:63.177,65.2 1 0
github.com/0xPolygon/cdk/dataavailability/mocks_da/batch_data_provider.go:67.181,68.40 1 0
github.com/0xPolygon/cdk/dataavailability/mocks_da/batch_data_provider.go:68.40,70.3 1 0
github.com/0xPolygon/cdk/dataavailability/mocks_da/batch_data_provider.go:71.2,71.11 1 0
github.com/0xPolygon/cdk/dataavailability/mocks_da/batch_data_provider.go:74.121,77.2 2 0
github.com/0xPolygon/cdk/dataavailability/mocks_da/batch_data_provider.go:79.163,82.2 2 0
github.com/0xPolygon/cdk/dataavailability/mocks_da/batch_data_provider.go:89.23,93.19 3 0
github.com/0xPolygon/cdk/dataavailability/mocks_da/batch_data_provider.go:93.19,93.49 1 0
github.com/0xPolygon/cdk/dataavailability/mocks_da/batch_data_provider.go:95.2,95.13 1 0
github.com/0xPolygon/cdk/dataavailability/mocks_da/da_backender.go:24.55,26.2 1 0
github.com/0xPolygon/cdk/dataavailability/mocks_da/da_backender.go:29.134,32.19 2 0
github.com/0xPolygon/cdk/dataavailability/mocks_da/da_backender.go:32.19,33.53 1 0
github.com/0xPolygon/cdk/dataavailability/mocks_da/da_backender.go:36.2,38.95 3 0
github.com/0xPolygon/cdk/dataavailability/mocks_da/da_backender.go:38.95,40.3 1 0
github.com/0xPolygon/cdk/dataavailability/mocks_da/da_backender.go:41.2,41.86 1 0
github.com/0xPolygon/cdk/dataavailability/mocks_da/da_backender.go:41.86,43.3 1 0
github.com/0xPolygon/cdk/dataavailability/mocks_da/da_backender.go:43.8,44.24 1 0
github.com/0xPolygon/cdk/dataavailability/mocks_da/da_backender.go:44.24,46.4 1 0
github.com/0xPolygon/cdk/dataavailability/mocks_da/da_backender.go:49.2,49.83 1 0
github.com/0xPolygon/cdk/dataavailability/mocks_da/da_backender.go:49.83,51.3 1 0
github.com/0xPolygon/cdk/dataavailability/mocks_da/da_backender.go:51.8,53.3 1 0
github.com/0xPolygon/cdk/dataavailability/mocks_da/da_backender.go:55.2,55.15 1 0
github.com/0xPolygon/cdk/dataavailability/mocks_da/da_backender.go:67.154,69.2 1 0
github.com/0xPolygon/cdk/dataavailability/mocks_da/da_backender.go:71.165,72.40 1 0
github.com/0xPolygon/cdk/dataavailability/mocks_da/da_backender.go:72.40,74.3 1 0
github.com/0xPolygon/cdk/dataavailability/mocks_da/da_backender.go:75.2,75.11 1 0
github.com/0xPolygon/cdk/dataavailability/mocks_da/da_backender.go:78.103,81.2 2 0
github.com/0xPolygon/cdk/dataavailability/mocks_da/da_backender.go:83.152,86.2 2 0
github.com/0xPolygon/cdk/dataavailability/mocks_da/da_backender.go:89.37,92.19 2 0
github.com/0xPolygon/cdk/dataavailability/mocks_da/da_backender.go:92.19,93.46 1 0
github.com/0xPolygon/cdk/dataavailability/mocks_da/da_backender.go:96.2,97.45 2 0
github.com/0xPolygon/cdk/dataavailability/mocks_da/da_backender.go:97.45,99.3 1 0
github.com/0xPolygon/cdk/dataavailability/mocks_da/da_backender.go:99.8,101.3 1 0
github.com/0xPolygon/cdk/dataavailability/mocks_da/da_backender.go:103.2,103.11 1 0
github.com/0xPolygon/cdk/dataavailability/mocks_da/da_backender.go:112.63,114.2 1 0
github.com/0xPolygon/cdk/dataavailability/mocks_da/da_backender.go:116.73,117.40 1 0
github.com/0xPolygon/cdk/dataavailability/mocks_da/da_backender.go:117.40,119.3 1 0
github.com/0xPolygon/cdk/dataavailability/mocks_da/da_backender.go:120.2,120.11 1 0
github.com/0xPolygon/cdk/dataavailability/mocks_da/da_backender.go:123.75,126.2 2 0
github.com/0xPolygon/cdk/dataavailability/mocks_da/da_backender.go:128.88,131.2 2 0
github.com/0xPolygon/cdk/dataavailability/mocks_da/da_backender.go:134.114,137.19 2 0
github.com/0xPolygon/cdk/dataavailability/mocks_da/da_backender.go:137.19,138.60 1 0
github.com/0xPolygon/cdk/dataavailability/mocks_da/da_backender.go:141.2,143.95 3 0
github.com/0xPolygon/cdk/dataavailability/mocks_da/da_backender.go:143.95,145.3 1 0
github.com/0xPolygon/cdk/dataavailability/mocks_da/da_backender.go:146.2,146.86 1 0
github.com/0xPolygon/cdk/dataavailability/mocks_da/da_backender.go:146.86,148.3 1 0
github.com/0xPolygon/cdk/dataavailability/mocks_da/da_backender.go:148.8,149.24 1 0
github.com/0xPolygon/cdk/dataavailability/mocks_da/da_backender.go:149.24,151.4 1 0
github.com/0xPolygon/cdk/dataavailability/mocks_da/da_backender.go:154.2,154.85 1 0
github.com/0xPolygon/cdk/dataavailability/mocks_da/da_backender.go:154.85,156.3 1 0
github.com/0xPolygon/cdk/dataavailability/mocks_da/da_backender.go:156.8,158.3 1 0
github.com/0xPolygon/cdk/dataavailability/mocks_da/da_backender.go:160.2,160.15 1 0
github.com/0xPolygon/cdk/dataavailability/mocks_da/da_backender.go:171.128,173.2 1 0
github.com/0xPolygon/cdk/dataavailability/mocks_da/da_backender.go:175.154,176.40 1 0
github.com/0xPolygon/cdk/dataavailability/mocks_da/da_backender.go:176.40,178.3 1 0
github.com/0xPolygon/cdk/dataavailability/mocks_da/da_backender.go:179.2,179.11 1 0
github.com/0xPolygon/cdk/dataavailability/mocks_da/da_backender.go:182.115,185.2 2 0
github.com/0xPolygon/cdk/dataavailability/mocks_da/da_backender.go:187.166,190.2 2 0
github.com/0xPolygon/cdk/dataavailability/mocks_da/da_backender.go:193.106,196.19 2 0
github.com/0xPolygon/cdk/dataavailability/mocks_da/da_backender.go:196.19,197.64 1 0
github.com/0xPolygon/cdk/dataavailability/mocks_da/da_backender.go:200.2,202.80 3 0
github.com/0xPolygon/cdk/dataavailability/mocks_da/da_backender.go:202.80,204.3 1 0
github.com/0xPolygon/cdk/dataavailability/mocks_da/da_backender.go:205.2,205.71 1 0
github.com/0xPolygon/cdk/dataavailability/mocks_da/da_backender.go:205.71,207.3 1 0
github.com/0xPolygon/cdk/dataavailability/mocks_da/da_backender.go:207.8,208.24 1 0
github.com/0xPolygon/cdk/dataavailability/mocks_da/da_backender.go:208.24,210.4 1 0
github.com/0xPolygon/cdk/dataavailability/mocks_da/da_backender.go:213.2,213.70 1 0
github.com/0xPolygon/cdk/dataavailability/mocks_da/da_backender.go:213.70,215.3 1 0
github.com/0xPolygon/cdk/dataavailability/mocks_da/da_backender.go:215.8,217.3 1 0
github.com/0xPolygon/cdk/dataavailability/mocks_da/da_backender.go:219.2,219.15 1 0
github.com/0xPolygon/cdk/dataavailability/mocks_da/da_backender.go:230.139,232.2 1 0
github.com/0xPolygon/cdk/dataavailability/mocks_da/da_backender.go:234.150,235.40 1 0
github.com/0xPolygon/cdk/dataavailability/mocks_da/da_backender.go:235.40,237.3 1 0
github.com/0xPolygon/cdk/dataavailability/mocks_da/da_backender.go:238.2,238.11 1 0
github.com/0xPolygon/cdk/dataavailability/mocks_da/da_backender.go:241.123,244.2 2 0
github.com/0xPolygon/cdk/dataavailability/mocks_da/da_backender.go:246.159,249.2 2 0
github.com/0xPolygon/cdk/dataavailability/mocks_da/da_backender.go:256.17,260.19 3 0
github.com/0xPolygon/cdk/dataavailability/mocks_da/da_backender.go:260.19,260.49 1 0
github.com/0xPolygon/cdk/dataavailability/mocks_da/da_backender.go:262.2,262.13 1 0
github.com/0xPolygon/cdk/dataavailability/mocks_da/data_manager.go:24.55,26.2 1 0
github.com/0xPolygon/cdk/dataavailability/mocks_da/data_manager.go:29.135,32.19 2 0
github.com/0xPolygon/cdk/dataavailability/mocks_da/data_manager.go:32.19,33.56 1 0
github.com/0xPolygon/cdk/dataavailability/mocks_da/data_manager.go:36.2,38.88 3 0
github.com/0xPolygon/cdk/dataavailability/mocks_da/data_manager.go:38.88,40.3 1 0
github.com/0xPolygon/cdk/dataavailability/mocks_da/data_manager.go:41.2,41.79 1 0
github.com/0xPolygon/cdk/dataavailability/mocks_da/data_manager.go:41.79,43.3 1 0
github.com/0xPolygon/cdk/dataavailability/mocks_da/data_manager.go:43.8,44.24 1 0
github.com/0xPolygon/cdk/dataavailability/mocks_da/data_manager.go:44.24,46.4 1 0
github.com/0xPolygon/cdk/dataavailability/mocks_da/data_manager.go:49.2,49.76 1 0
github.com/0xPolygon/cdk/dataavailability/mocks_da/data_manager.go:49.76,51.3 1 0
github.com/0xPolygon/cdk/dataavailability/mocks_da/data_manager.go:51.8,53.3 1 0
github.com/0xPolygon/cdk/dataavailability/mocks_da/data_manager.go:55.2,55.15 1 0
github.com/0xPolygon/cdk/dataavailability/mocks_da/data_manager.go:67.165,69.2 1 0
github.com/0xPolygon/cdk/dataavailability/mocks_da/data_manager.go:71.169,72.40 1 0
github.com/0xPolygon/cdk/dataavailability/mocks_da/data_manager.go:72.40,74.3 1 0
github.com/0xPolygon/cdk/dataavailability/mocks_da/data_manager.go:75.2,75.11 1 0
github.com/0xPolygon/cdk/dataavailability/mocks_da/data_manager.go:78.109,81.2 2 0
github.com/0xPolygon/cdk/dataavailability/mocks_da/data_manager.go:83.151,86.2 2 0
github.com/0xPolygon/cdk/dataavailability/mocks_da/data_manager.go:89.114,92.19 2 0
github.com/0xPolygon/cdk/dataavailability/mocks_da/data_manager.go:92.19,93.60 1 0
github.com/0xPolygon/cdk/dataavailability/mocks_da/data_manager.go:96.2,98.95 3 0
github.com/0xPolygon/cdk/dataavailability/mocks_da/data_manager.go:98.95,100.3 1 0
github.com/0xPolygon/cdk/dataavailability/mocks_da/data_manager.go:101.2,101.86 1 0
github.com/0xPolygon/cdk/dataavailability/mocks_da/data_manager.go:101.86,103.3 1 0
github.com/0xPolygon/cdk/dataavailability/mocks_da/data_manager.go:103.8,104.24 1 0
github.com/0xPolygon/cdk/dataavailability/mocks_da/data_manager.go:104.24,106.4 1 0
github.com/0xPolygon/cdk/dataavailability/mocks_da/data_manager.go:109.2,109.85 1 0
github.com/0xPolygon/cdk/dataavailability/mocks_da/data_manager.go:109.85,111.3 1 0
github.com/0xPolygon/cdk/dataavailability/mocks_da/data_manager.go:111.8,113.3 1 0
github.com/0xPolygon/cdk/dataavailability/mocks_da/data_manager.go:115.2,115.15 1 0
github.com/0xPolygon/cdk/dataavailability/mocks_da/data_manager.go:126.128,128.2 1 0
github.com/0xPolygon/cdk/dataavailability/mocks_da/data_manager.go:130.154,131.40 1 0
github.com/0xPolygon/cdk/dataavailability/mocks_da/data_manager.go:131.40,133.3 1 0
github.com/0xPolygon/cdk/dataavailability/mocks_da/data_manager.go:134.2,134.11 1 0
github.com/0xPolygon/cdk/dataavailability/mocks_da/data_manager.go:137.115,140.2 2 0
github.com/0xPolygon/cdk/dataavailability/mocks_da/data_manager.go:142.166,145.2 2 0
github.com/0xPolygon/cdk/dataavailability/mocks_da/data_manager.go:148.106,151.19 2 0
github.com/0xPolygon/cdk/dataavailability/mocks_da/data_manager.go:151.19,152.64 1 0
github.com/0xPolygon/cdk/dataavailability/mocks_da/data_manager.go:155.2,157.80 3 0
github.com/0xPolygon/cdk/dataavailability/mocks_da/data_manager.go:157.80,159.3 1 0
github.com/0xPolygon/cdk/dataavailability/mocks_da/data_manager.go:160.2,160.71 1 0
github.com/0xPolygon/cdk/dataavailability/mocks_da/data_manager.go:160.71,162.3 1 0
github.com/0xPolygon/cdk/dataavailability/mocks_da/data_manager.go:162.8,163.24 1 0
github.com/0xPolygon/cdk/dataavailability/mocks_da/data_manager.go:163.24,165.4 1 0
github.com/0xPolygon/cdk/dataavailability/mocks_da/data_manager.go:168.2,168.70 1 0
github.com/0xPolygon/cdk/dataavailability/mocks_da/data_manager.go:168.70,170.3 1 0
github.com/0xPolygon/cdk/dataavailability/mocks_da/data_manager.go:170.8,172.3 1 0
github.com/0xPolygon/cdk/dataavailability/mocks_da/data_manager.go:174.2,174.15 1 0
github.com/0xPolygon/cdk/dataavailability/mocks_da/data_manager.go:185.139,187.2 1 0
github.com/0xPolygon/cdk/dataavailability/mocks_da/data_manager.go:189.150,190.40 1 0
github.com/0xPolygon/cdk/dataavailability/mocks_da/data_manager.go:190.40,192.3 1 0
github.com/0xPolygon/cdk/dataavailability/mocks_da/data_manager.go:193.2,193.11 1 0
github.com/0xPolygon/cdk/dataavailability/mocks_da/data_manager.go:196.123,199.2 2 0
github.com/0xPolygon/cdk/dataavailability/mocks_da/data_manager.go:201.159,204.2 2 0
github.com/0xPolygon/cdk/dataavailability/mocks_da/data_manager.go:211.17,215.19 3 0
github.com/0xPolygon/cdk/dataavailability/mocks_da/data_manager.go:215.19,215.49 1 0
github.com/0xPolygon/cdk/dataavailability/mocks_da/data_manager.go:217.2,217.13 1 0
github.com/0xPolygon/cdk/dataavailability/mocks_da/func_sign_type.go:20.57,22.2 1 0
github.com/0xPolygon/cdk/dataavailability/mocks_da/func_sign_type.go:25.66,28.19 2 0
github.com/0xPolygon/cdk/dataavailability/mocks_da/func_sign_type.go:28.19,29.49 1 0
github.com/0xPolygon/cdk/dataavailability/mocks_da/func_sign_type.go:32.2,34.68 3 0
github.com/0xPolygon/cdk/dataavailability/mocks_da/func_sign_type.go:34.68,36.3 1 0
github.com/0xPolygon/cdk/dataavailability/mocks_da/func_sign_type.go:37.2,37.59 1 0
github.com/0xPolygon/cdk/dataavailability/mocks_da/func_sign_type.go:37.59,39.3 1 0
github.com/0xPolygon/cdk/dataavailability/mocks_da/func_sign_type.go:39.8,40.24 1 0
github.com/0xPolygon/cdk/dataavailability/mocks_da/func_sign_type.go:40.24,42.4 1 0
github.com/0xPolygon/cdk/dataavailability/mocks_da/func_sign_type.go:45.2,45.58 1 0
github.com/0xPolygon/cdk/dataavailability/mocks_da/func_sign_type.go:45.58,47.3 1 0
github.com/0xPolygon/cdk/dataavailability/mocks_da/func_sign_type.go:47.8,49.3 1 0
github.com/0xPolygon/cdk/dataavailability/mocks_da/func_sign_type.go:51.2,51.15 1 0
github.com/0xPolygon/cdk/dataavailability/mocks_da/func_sign_type.go:61.84,63.2 1 0
github.com/0xPolygon/cdk/dataavailability/mocks_da/func_sign_type.go:65.96,66.40 1 0
github.com/0xPolygon/cdk/dataavailability/mocks_da/func_sign_type.go:66.40,68.3 1 0
github.com/0xPolygon/cdk/dataavailability/mocks_da/func_sign_type.go:69.2,69.11 1 0
github.com/0xPolygon/cdk/dataavailability/mocks_da/func_sign_type.go:72.95,75.2 2 0
github.com/0xPolygon/cdk/dataavailability/mocks_da/func_sign_type.go:77.119,80.2 2 0
github.com/0xPolygon/cdk/dataavailability/mocks_da/func_sign_type.go:87.18,91.19 3 0
github.com/0xPolygon/cdk/dataavailability/mocks_da/func_sign_type.go:91.19,91.49 1 0
github.com/0xPolygon/cdk/dataavailability/mocks_da/func_sign_type.go:93.2,93.13 1 0
github.com/0xPolygon/cdk/dataavailability/mocks_da/sequence_retriever.go:22.67,24.2 1 0
github.com/0xPolygon/cdk/dataavailability/mocks_da/sequence_retriever.go:27.140,30.19 2 0
github.com/0xPolygon/cdk/dataavailability/mocks_da/sequence_retriever.go:30.19,31.53 1 0
github.com/0xPolygon/cdk/dataavailability/mocks_da/sequence_retriever.go:34.2,36.95 3 0
github.com/0xPolygon/cdk/dataavailability/mocks_da/sequence_retriever.go:36.95,38.3 1 0
github.com/0xPolygon/cdk/dataavailability/mocks_da/sequence_retriever.go:39.2,39.86 1 0
github.com/0xPolygon/cdk/dataavailability/mocks_da/sequence_retriever.go:39.86,41.3 1 0
github.com/0xPolygon/cdk/dataavailability/mocks_da/sequence_retriever.go:41.8,42.24 1 0
github.com/0xPolygon/cdk/dataavailability/mocks_da/sequence_retriever.go:42.24,44.4 1 0
github.com/0xPolygon/cdk/dataavailability/mocks_da/sequence_retriever.go:47.2,47.83 1 0
github.com/0xPolygon/cdk/dataavailability/mocks_da/sequence_retriever.go:47.83,49.3 1 0
github.com/0xPolygon/cdk/dataavailability/mocks_da/sequence_retriever.go:49.8,51.3 1 0
github.com/0xPolygon/cdk/dataavailability/mocks_da/sequence_retriever.go:53.2,53.15 1 0
github.com/0xPolygon/cdk/dataavailability/mocks_da/sequence_retriever.go:65.166,67.2 1 0
github.com/0xPolygon/cdk/dataavailability/mocks_da/sequence_retriever.go:69.177,70.40 1 0
github.com/0xPolygon/cdk/dataavailability/mocks_da/sequence_retriever.go:70.40,72.3 1 0
github.com/0xPolygon/cdk/dataavailability/mocks_da/sequence_retriever.go:73.2,73.11 1 0
github.com/0xPolygon/cdk/dataavailability/mocks_da/sequence_retriever.go:76.115,79.2 2 0
github.com/0xPolygon/cdk/dataavailability/mocks_da/sequence_retriever.go:81.164,84.2 2 0
github.com/0xPolygon/cdk/dataavailability/mocks_da/sequence_retriever.go:91.23,95.19 3 0
github.com/0xPolygon/cdk/dataavailability/mocks_da/sequence_retriever.go:95.19,95.49 1 0
github.com/0xPolygon/cdk/dataavailability/mocks_da/sequence_retriever.go:97.2,97.13 1 0
github.com/0xPolygon/cdk/dataavailability/mocks_da/sequence_sender.go:22.61,24.2 1 0
github.com/0xPolygon/cdk/dataavailability/mocks_da/sequence_sender.go:27.117,30.19 2 0
github.com/0xPolygon/cdk/dataavailability/mocks_da/sequence_sender.go:30.19,31.60 1 0
github.com/0xPolygon/cdk/dataavailability/mocks_da/sequence_sender.go:34.2,36.95 3 0
github.com/0xPolygon/cdk/dataavailability/mocks_da/sequence_sender.go:36.95,38.3 1 0
github.com/0xPolygon/cdk/dataavailability/mocks_da/sequence_sender.go:39.2,39.86 1 0
github.com/0xPolygon/cdk/dataavailability/mocks_da/sequence_sender.go:39.86,41.3 1 0
github.com/0xPolygon/cdk/dataavailability/mocks_da/sequence_sender.go:41.8,42.24 1 0
github.com/0xPolygon/cdk/dataavailability/mocks_da/sequence_sender.go:42.24,44.4 1 0
github.com/0xPolygon/cdk/dataavailability/mocks_da/sequence_sender.go:47.2,47.85 1 0
github.com/0xPolygon/cdk/dataavailability/mocks_da/sequence_sender.go:47.85,49.3 1 0
github.com/0xPolygon/cdk/dataavailability/mocks_da/sequence_sender.go:49.8,51.3 1 0
github.com/0xPolygon/cdk/dataavailability/mocks_da/sequence_sender.go:53.2,53.15 1 0
github.com/0xPolygon/cdk/dataavailability/mocks_da/sequence_sender.go:64.134,66.2 1 0
github.com/0xPolygon/cdk/dataavailability/mocks_da/sequence_sender.go:68.160,69.40 1 0
github.com/0xPolygon/cdk/dataavailability/mocks_da/sequence_sender.go:69.40,71.3 1 0
github.com/0xPolygon/cdk/dataavailability/mocks_da/sequence_sender.go:72.2,72.11 1 0
github.com/0xPolygon/cdk/dataavailability/mocks_da/sequence_sender.go:75.121,78.2 2 0
github.com/0xPolygon/cdk/dataavailability/mocks_da/sequence_sender.go:80.172,83.2 2 0
github.com/0xPolygon/cdk/dataavailability/mocks_da/sequence_sender.go:86.109,89.19 2 0
github.com/0xPolygon/cdk/dataavailability/mocks_da/sequence_sender.go:89.19,90.64 1 0
github.com/0xPolygon/cdk/dataavailability/mocks_da/sequence_sender.go:93.2,95.80 3 0
github.com/0xPolygon/cdk/dataavailability/mocks_da/sequence_sender.go:95.80,97.3 1 0
github.com/0xPolygon/cdk/dataavailability/mocks_da/sequence_sender.go:98.2,98.71 1 0
github.com/0xPolygon/cdk/dataavailability/mocks_da/sequence_sender.go:98.71,100.3 1 0
github.com/0xPolygon/cdk/dataavailability/mocks_da/sequence_sender.go:100.8,101.24 1 0
github.com/0xPolygon/cdk/dataavailability/mocks_da/sequence_sender.go:101.24,103.4 1 0
github.com/0xPolygon/cdk/dataavailability/mocks_da/sequence_sender.go:106.2,106.70 1 0
github.com/0xPolygon/cdk/dataavailability/mocks_da/sequence_sender.go:106.70,108.3 1 0
github.com/0xPolygon/cdk/dataavailability/mocks_da/sequence_sender.go:108.8,110.3 1 0
github.com/0xPolygon/cdk/dataavailability/mocks_da/sequence_sender.go:112.2,112.15 1 0
github.com/0xPolygon/cdk/dataavailability/mocks_da/sequence_sender.go:123.145,125.2 1 0
github.com/0xPolygon/cdk/dataavailability/mocks_da/sequence_sender.go:127.156,128.40 1 0
github.com/0xPolygon/cdk/dataavailability/mocks_da/sequence_sender.go:128.40,130.3 1 0
github.com/0xPolygon/cdk/dataavailability/mocks_da/sequence_sender.go:131.2,131.11 1 0
github.com/0xPolygon/cdk/dataavailability/mocks_da/sequence_sender.go:134.129,137.2 2 0
github.com/0xPolygon/cdk/dataavailability/mocks_da/sequence_sender.go:139.165,142.2 2 0
github.com/0xPolygon/cdk/dataavailability/mocks_da/sequence_sender.go:149.20,153.19 3 0
github.com/0xPolygon/cdk/dataavailability/mocks_da/sequence_sender.go:153.19,153.49 1 0
github.com/0xPolygon/cdk/dataavailability/mocks_da/sequence_sender.go:155.2,155.13 1 0
github.com/0xPolygon/cdk/dataavailability/mocks_da/sequence_sender_banana.go:22.73,24.2 1 0
github.com/0xPolygon/cdk/dataavailability/mocks_da/sequence_sender_banana.go:27.123,30.19 2 0
github.com/0xPolygon/cdk/dataavailability/mocks_da/sequence_sender_banana.go:30.19,31.60 1 0
github.com/0xPolygon/cdk/dataavailability/mocks_da/sequence_sender_banana.go:34.2,36.95 3 0
github.com/0xPolygon/cdk/dataavailability/mocks_da/sequence_sender_banana.go:36.95,38.3 1 0
github.com/0xPolygon/cdk/dataavailability/mocks_da/sequence_sender_banana.go:39.2,39.86 1 0
github.com/0xPolygon/cdk/dataavailability/mocks_da/sequence_sender_banana.go:39.86,41.3 1 0
github.com/0xPolygon/cdk/dataavailability/mocks_da/sequence_sender_banana.go:41.8,42.24 1 0
github.com/0xPolygon/cdk/dataavailability/mocks_da/sequence_sender_banana.go:42.24,44.4 1 0
github.com/0xPolygon/cdk/dataavailability/mocks_da/sequence_sender_banana.go:47.2,47.85 1 0
github.com/0xPolygon/cdk/dataavailability/mocks_da/sequence_sender_banana.go:47.85,49.3 1 0
github.com/0xPolygon/cdk/dataavailability/mocks_da/sequence_sender_banana.go:49.8,51.3 1 0
github.com/0xPolygon/cdk/dataavailability/mocks_da/sequence_sender_banana.go:53.2,53.15 1 0
github.com/0xPolygon/cdk/dataavailability/mocks_da/sequence_sender_banana.go:64.146,66.2 1 0
github.com/0xPolygon/cdk/dataavailability/mocks_da/sequence_sender_banana.go:68.172,69.40 1 0
github.com/0xPolygon/cdk/dataavailability/mocks_da/sequence_sender_banana.go:69.40,71.3 1 0
github.com/0xPolygon/cdk/dataavailability/mocks_da/sequence_sender_banana.go:72.2,72.11 1 0
github.com/0xPolygon/cdk/dataavailability/mocks_da/sequence_sender_banana.go:75.133,78.2 2 0
github.com/0xPolygon/cdk/dataavailability/mocks_da/sequence_sender_banana.go:80.184,83.2 2 0
github.com/0xPolygon/cdk/dataavailability/mocks_da/sequence_sender_banana.go:90.26,94.19 3 0
github.com/0xPolygon/cdk/dataavailability/mocks_da/sequence_sender_banana.go:94.19,94.49 1 0
github.com/0xPolygon/cdk/dataavailability/mocks_da/sequence_sender_banana.go:96.2,96.13 1 0
github.com/0xPolygon/cdk/dataavailability/mocks_da/sequence_sender_elderberry.go:20.81,22.2 1 0
github.com/0xPolygon/cdk/dataavailability/mocks_da/sequence_sender_elderberry.go:25.119,28.19 2 0
github.com/0xPolygon/cdk/dataavailability/mocks_da/sequence_sender_elderberry.go:28.19,29.64 1 0
github.com/0xPolygon/cdk/dataavailability/mocks_da/sequence_sender_elderberry.go:32.2,34.80 3 0
github.com/0xPolygon/cdk/dataavailability/mocks_da/sequence_sender_elderberry.go:34.80,36.3 1 0
github.com/0xPolygon/cdk/dataavailability/mocks_da/sequence_sender_elderberry.go:37.2,37.71 1 0
github.com/0xPolygon/cdk/dataavailability/mocks_da/sequence_sender_elderberry.go:37.71,39.3 1 0
github.com/0xPolygon/cdk/dataavailability/mocks_da/sequence_sender_elderberry.go:39.8,40.24 1 0
github.com/0xPolygon/cdk/dataavailability/mocks_da/sequence_sender_elderberry.go:40.24,42.4 1 0
github.com/0xPolygon/cdk/dataavailability/mocks_da/sequence_sender_elderberry.go:45.2,45.70 1 0
github.com/0xPolygon/cdk/dataavailability/mocks_da/sequence_sender_elderberry.go:45.70,47.3 1 0
github.com/0xPolygon/cdk/dataavailability/mocks_da/sequence_sender_elderberry.go:47.8,49.3 1 0
github.com/0xPolygon/cdk/dataavailability/mocks_da/sequence_sender_elderberry.go:51.2,51.15 1 0
github.com/0xPolygon/cdk/dataavailability/mocks_da/sequence_sender_elderberry.go:62.165,64.2 1 0
github.com/0xPolygon/cdk/dataavailability/mocks_da/sequence_sender_elderberry.go:66.176,67.40 1 0
github.com/0xPolygon/cdk/dataavailability/mocks_da/sequence_sender_elderberry.go:67.40,69.3 1 0
github.com/0xPolygon/cdk/dataavailability/mocks_da/sequence_sender_elderberry.go:70.2,70.11 1 0
github.com/0xPolygon/cdk/dataavailability/mocks_da/sequence_sender_elderberry.go:73.149,76.2 2 0
github.com/0xPolygon/cdk/dataavailability/mocks_da/sequence_sender_elderberry.go:78.185,81.2 2 0
github.com/0xPolygon/cdk/dataavailability/mocks_da/sequence_sender_elderberry.go:88.30,92.19 3 0
github.com/0xPolygon/cdk/dataavailability/mocks_da/sequence_sender_elderberry.go:92.19,92.49 1 0
github.com/0xPolygon/cdk/dataavailability/mocks_da/sequence_sender_elderberry.go:94.2,94.13 1 0
github.com/0xPolygon/cdk/version.go:18.32,25.2 6 0
github.com/0xPolygon/cdk/aggregator/prover/aggregator.pb.go:53.32,57.2 3 0
github.com/0xPolygon/cdk/aggregator/prover/aggregator.pb.go:59.33,61.2 1 0
github.com/0xPolygon/cdk/aggregator/prover/aggregator.pb.go:63.56,65.2 1 0
github.com/0xPolygon/cdk/aggregator/prover/aggregator.pb.go:67.44,69.2 1 0
github.com/0xPolygon/cdk/aggregator/prover/aggregator.pb.go:71.50,73.2 1 0
github.com/0xPolygon/cdk/aggregator/prover/aggregator.pb.go:76.48,78.2 1 0
github.com/0xPolygon/cdk/aggregator/prover/aggregator.pb.go:108.68,112.2 3 0
github.com/0xPolygon/cdk/aggregator/prover/aggregator.pb.go:114.51,116.2 1 0
github.com/0xPolygon/cdk/aggregator/prover/aggregator.pb.go:118.74,120.2 1 0
github.com/0xPolygon/cdk/aggregator/prover/aggregator.pb.go:122.62,124.2 1 0
github.com/0xPolygon/cdk/aggregator/prover/aggregator.pb.go:126.68,128.2 1 0
github.com/0xPolygon/cdk/aggregator/prover/aggregator.pb.go:131.66,133.2 1 0
github.com/0xPolygon/cdk/aggregator/prover/aggregator.pb.go:169.66,173.2 3 0
github.com/0xPolygon/cdk/aggregator/prover/aggregator.pb.go:175.50,177.2 1 0
github.com/0xPolygon/cdk/aggregator/prover/aggregator.pb.go:179.73,181.2 1 0
github.com/0xPolygon/cdk/aggregator/prover/aggregator.pb.go:183.61,185.2 1 0
github.com/0xPolygon/cdk/aggregator/prover/aggregator.pb.go:187.67,189.2 1 0
github.com/0xPolygon/cdk/aggregator/prover/aggregator.pb.go:192.65,194.2 1 0
github.com/0xPolygon/cdk/aggregator/prover/aggregator.pb.go:204.27,206.29 2 0
github.com/0xPolygon/cdk/aggregator/prover/aggregator.pb.go:206.29,210.3 3 0
github.com/0xPolygon/cdk/aggregator/prover/aggregator.pb.go:213.35,215.2 1 0
github.com/0xPolygon/cdk/aggregator/prover/aggregator.pb.go:217.33,217.34 0 0
github.com/0xPolygon/cdk/aggregator/prover/aggregator.pb.go:219.55,221.41 2 0
github.com/0xPolygon/cdk/aggregator/prover/aggregator.pb.go:221.41,223.34 2 0
github.com/0xPolygon/cdk/aggregator/prover/aggregator.pb.go:223.34,225.4 1 0
github.com/0xPolygon/cdk/aggregator/prover/aggregator.pb.go:226.3,226.12 1 0
github.com/0xPolygon/cdk/aggregator/prover/aggregator.pb.go:228.2,228.24 1 0
github.com/0xPolygon/cdk/aggregator/prover/aggregator.pb.go:232.46,234.2 1 0
github.com/0xPolygon/cdk/aggregator/prover/aggregator.pb.go:236.38,237.14 1 0
github.com/0xPolygon/cdk/aggregator/prover/aggregator.pb.go:237.14,239.3 1 0
github.com/0xPolygon/cdk/aggregator/prover/aggregator.pb.go:240.2,240.11 1 0
github.com/0xPolygon/cdk/aggregator/prover/aggregator.pb.go:261.37,263.29 2 0
github.com/0xPolygon/cdk/aggregator/prover/aggregator.pb.go:263.29,267.3 3 0
github.com/0xPolygon/cdk/aggregator/prover/aggregator.pb.go:270.45,272.2 1 0
github.com/0xPolygon/cdk/aggregator/prover/aggregator.pb.go:274.43,274.44 0 0
github.com/0xPolygon/cdk/aggregator/prover/aggregator.pb.go:276.65,278.41 2 0
github.com/0xPolygon/cdk/aggregator/prover/aggregator.pb.go:278.41,280.34 2 0
github.com/0xPolygon/cdk/aggregator/prover/aggregator.pb.go:280.34,282.4 1 0
github.com/0xPolygon/cdk/aggregator/prover/aggregator.pb.go:283.3,283.12 1 0
github.com/0xPolygon/cdk/aggregator/prover/aggregator.pb.go:285.2,285.24 1 0
github.com/0xPolygon/cdk/aggregator/prover/aggregator.pb.go:289.56,291.2 1 0
github.com/0xPolygon/cdk/aggregator/prover/aggregator.pb.go:293.44,294.14 1 0
github.com/0xPolygon/cdk/aggregator/prover/aggregator.pb.go:294.14,296.3 1 0
github.com/0xPolygon/cdk/aggregator/prover/aggregator.pb.go:297.2,297.11 1 0
github.com/0xPolygon/cdk/aggregator/prover/aggregator.pb.go:300.70,301.14 1 0
github.com/0xPolygon/cdk/aggregator/prover/aggregator.pb.go:301.14,303.3 1 0
github.com/0xPolygon/cdk/aggregator/prover/aggregator.pb.go:304.2,304.12 1 0
github.com/0xPolygon/cdk/aggregator/prover/aggregator.pb.go:307.69,308.71 1 0
github.com/0xPolygon/cdk/aggregator/prover/aggregator.pb.go:308.71,310.3 1 0
github.com/0xPolygon/cdk/aggregator/prover/aggregator.pb.go:311.2,311.12 1 0
github.com/0xPolygon/cdk/aggregator/prover/aggregator.pb.go:314.77,315.75 1 0
github.com/0xPolygon/cdk/aggregator/prover/aggregator.pb.go:315.75,317.3 1 0
github.com/0xPolygon/cdk/aggregator/prover/aggregator.pb.go:318.2,318.12 1 0
github.com/0xPolygon/cdk/aggregator/prover/aggregator.pb.go:321.87,322.80 1 0
github.com/0xPolygon/cdk/aggregator/prover/aggregator.pb.go:322.80,324.3 1 0
github.com/0xPolygon/cdk/aggregator/prover/aggregator.pb.go:325.2,325.12 1 0
github.com/0xPolygon/cdk/aggregator/prover/aggregator.pb.go:328.77,329.75 1 0
github.com/0xPolygon/cdk/aggregator/prover/aggregator.pb.go:329.75,331.3 1 0
github.com/0xPolygon/cdk/aggregator/prover/aggregator.pb.go:332.2,332.12 1 0
github.com/0xPolygon/cdk/aggregator/prover/aggregator.pb.go:335.63,336.68 1 0
github.com/0xPolygon/cdk/aggregator/prover/aggregator.pb.go:336.68,338.3 1 0
github.com/0xPolygon/cdk/aggregator/prover/aggregator.pb.go:339.2,339.12 1 0
github.com/0xPolygon/cdk/aggregator/prover/aggregator.pb.go:342.67,343.70 1 0
github.com/0xPolygon/cdk/aggregator/prover/aggregator.pb.go:343.70,345.3 1 0
github.com/0xPolygon/cdk/aggregator/prover/aggregator.pb.go:346.2,346.12 1 0
github.com/0xPolygon/cdk/aggregator/prover/aggregator.pb.go:349.95,350.84 1 0
github.com/0xPolygon/cdk/aggregator/prover/aggregator.pb.go:350.84,352.3 1 0
github.com/0xPolygon/cdk/aggregator/prover/aggregator.pb.go:353.2,353.12 1 0
github.com/0xPolygon/cdk/aggregator/prover/aggregator.pb.go:388.75,388.76 0 0
github.com/0xPolygon/cdk/aggregator/prover/aggregator.pb.go:390.79,390.80 0 0
github.com/0xPolygon/cdk/aggregator/prover/aggregator.pb.go:392.84,392.85 0 0
github.com/0xPolygon/cdk/aggregator/prover/aggregator.pb.go:394.79,394.80 0 0
github.com/0xPolygon/cdk/aggregator/prover/aggregator.pb.go:396.72,396.73 0 0
github.com/0xPolygon/cdk/aggregator/prover/aggregator.pb.go:398.74,398.75 0 0
github.com/0xPolygon/cdk/aggregator/prover/aggregator.pb.go:400.88,400.89 0 0
github.com/0xPolygon/cdk/aggregator/prover/aggregator.pb.go:419.33,421.29 2 0
github.com/0xPolygon/cdk/aggregator/prover/aggregator.pb.go:421.29,425.3 3 0
github.com/0xPolygon/cdk/aggregator/prover/aggregator.pb.go:428.41,430.2 1 0
github.com/0xPolygon/cdk/aggregator/prover/aggregator.pb.go:432.39,432.40 0 0
github.com/0xPolygon/cdk/aggregator/prover/aggregator.pb.go:434.61,436.41 2 0
github.com/0xPolygon/cdk/aggregator/prover/aggregator.pb.go:436.41,438.34 2 0
github.com/0xPolygon/cdk/aggregator/prover/aggregator.pb.go:438.34,440.4 1 0
github.com/0xPolygon/cdk/aggregator/prover/aggregator.pb.go:441.3,441.12 1 0
github.com/0xPolygon/cdk/aggregator/prover/aggregator.pb.go:443.2,443.24 1 0
github.com/0xPolygon/cdk/aggregator/prover/aggregator.pb.go:447.52,449.2 1 0
github.com/0xPolygon/cdk/aggregator/prover/aggregator.pb.go:451.40,452.14 1 0
github.com/0xPolygon/cdk/aggregator/prover/aggregator.pb.go:452.14,454.3 1 0
github.com/0xPolygon/cdk/aggregator/prover/aggregator.pb.go:455.2,455.11 1 0
github.com/0xPolygon/cdk/aggregator/prover/aggregator.pb.go:458.64,459.14 1 0
github.com/0xPolygon/cdk/aggregator/prover/aggregator.pb.go:459.14,461.3 1 0
github.com/0xPolygon/cdk/aggregator/prover/aggregator.pb.go:462.2,462.12 1 0
github.com/0xPolygon/cdk/aggregator/prover/aggregator.pb.go:465.67,466.69 1 0
github.com/0xPolygon/cdk/aggregator/prover/aggregator.pb.go:466.69,468.3 1 0
github.com/0xPolygon/cdk/aggregator/prover/aggregator.pb.go:469.2,469.12 1 0
github.com/0xPolygon/cdk/aggregator/prover/aggregator.pb.go:472.75,473.73 1 0
github.com/0xPolygon/cdk/aggregator/prover/aggregator.pb.go:473.73,475.3 1 0
github.com/0xPolygon/cdk/aggregator/prover/aggregator.pb.go:476.2,476.12 1 0
github.com/0xPolygon/cdk/aggregator/prover/aggregator.pb.go:479.85,480.78 1 0
github.com/0xPolygon/cdk/aggregator/prover/aggregator.pb.go:480.78,482.3 1 0
github.com/0xPolygon/cdk/aggregator/prover/aggregator.pb.go:483.2,483.12 1 0
github.com/0xPolygon/cdk/aggregator/prover/aggregator.pb.go:486.75,487.73 1 0
github.com/0xPolygon/cdk/aggregator/prover/aggregator.pb.go:487.73,489.3 1 0
github.com/0xPolygon/cdk/aggregator/prover/aggregator.pb.go:490.2,490.12 1 0
github.com/0xPolygon/cdk/aggregator/prover/aggregator.pb.go:493.61,494.66 1 0
github.com/0xPolygon/cdk/aggregator/prover/aggregator.pb.go:494.66,496.3 1 0
github.com/0xPolygon/cdk/aggregator/prover/aggregator.pb.go:497.2,497.12 1 0
github.com/0xPolygon/cdk/aggregator/prover/aggregator.pb.go:500.65,501.68 1 0
github.com/0xPolygon/cdk/aggregator/prover/aggregator.pb.go:501.68,503.3 1 0
github.com/0xPolygon/cdk/aggregator/prover/aggregator.pb.go:504.2,504.12 1 0
github.com/0xPolygon/cdk/aggregator/prover/aggregator.pb.go:535.69,535.70 0 0
github.com/0xPolygon/cdk/aggregator/prover/aggregator.pb.go:537.73,537.74 0 0
github.com/0xPolygon/cdk/aggregator/prover/aggregator.pb.go:539.78,539.79 0 0
github.com/0xPolygon/cdk/aggregator/prover/aggregator.pb.go:541.73,541.74 0 0
github.com/0xPolygon/cdk/aggregator/prover/aggregator.pb.go:543.66,543.67 0 0
github.com/0xPolygon/cdk/aggregator/prover/aggregator.pb.go:545.68,545.69 0 0
github.com/0xPolygon/cdk/aggregator/prover/aggregator.pb.go:555.36,557.29 2 0
github.com/0xPolygon/cdk/aggregator/prover/aggregator.pb.go:557.29,561.3 3 0
github.com/0xPolygon/cdk/aggregator/prover/aggregator.pb.go:564.44,566.2 1 0
github.com/0xPolygon/cdk/aggregator/prover/aggregator.pb.go:568.42,568.43 0 0
github.com/0xPolygon/cdk/aggregator/prover/aggregator.pb.go:570.64,572.41 2 0
github.com/0xPolygon/cdk/aggregator/prover/aggregator.pb.go:572.41,574.34 2 0
[...]
github.com/0xPolygon/cdk/common/common.go:71.2,71.19 1 0
github.com/0xPolygon/cdk/common/common.go:71.19,73.3 1 0
github.com/0xPolygon/cdk/common/common.go:75.2,75.19 1 0
github.com/0xPolygon/cdk/common/common.go:75.19,77.3 1 0
github.com/0xPolygon/cdk/common/common.go:79.2,88.67 8 0
github.com/0xPolygon/cdk/translator/translator_impl.go:13.79,14.59 1 0
github.com/0xPolygon/cdk/translator/translator_impl.go:14.59,16.3 1 0
github.com/0xPolygon/cdk/translator/translator_impl.go:17.2,17.34 1 0
github.com/0xPolygon/cdk/translator/translator_impl.go:20.85,22.2 1 0
github.com/0xPolygon/cdk/translator/translator_impl.go:26.28,32.2 1 0
github.com/0xPolygon/cdk/translator/translator_impl.go:38.42,42.2 1 0
github.com/0xPolygon/cdk/translator/translator_impl.go:44.76,45.40 1 0
github.com/0xPolygon/cdk/translator/translator_impl.go:45.40,46.36 1 0
github.com/0xPolygon/cdk/translator/translator_impl.go:46.36,50.4 3 0
github.com/0xPolygon/cdk/translator/translator_impl.go:52.2,52.13 1 0
github.com/0xPolygon/cdk/translator/translator_impl.go:55.64,57.2 1 0
github.com/0xPolygon/cdk/translator/translator_impl.go:59.53,60.39 1 0
github.com/0xPolygon/cdk/translator/translator_impl.go:60.39,62.26 2 0
github.com/0xPolygon/cdk/translator/translator_impl.go:62.26,65.4 2 0
github.com/0xPolygon/cdk/translator/translator_impl.go:66.3,67.19 2 0
github.com/0xPolygon/cdk/tree/appendonlytree.go:20.99,23.69 3 1
github.com/0xPolygon/cdk/tree/appendonlytree.go:23.69,25.3 1 0
github.com/0xPolygon/cdk/tree/appendonlytree.go:26.2,26.16 1 1
github.com/0xPolygon/cdk/tree/appendonlytree.go:32.79,34.22 1 1
github.com/0xPolygon/cdk/tree/appendonlytree.go:34.22,35.17 1 1
github.com/0xPolygon/cdk/tree/appendonlytree.go:35.18,35.19 0 0
github.com/0xPolygon/cdk/tree/appendonlytree.go:38.2,41.21 4 1
github.com/0xPolygon/cdk/tree/appendonlytree.go:41.21,44.3 2 0
github.com/0xPolygon/cdk/tree/appendonlytree.go:46.2,46.30 1 1
github.com/0xPolygon/cdk/tree/appendonlytree.go:46.30,47.45 1 1
github.com/0xPolygon/cdk/tree/appendonlytree.go:47.45,49.4 1 0
github.com/0xPolygon/cdk/tree/appendonlytree.go:52.2,52.22 1 1
github.com/0xPolygon/cdk/tree/appendonlytree.go:55.63,56.40 1 1
github.com/0xPolygon/cdk/tree/appendonlytree.go:56.40,61.3 1 0
github.com/0xPolygon/cdk/tree/appendonlytree.go:63.2,65.44 3 1
github.com/0xPolygon/cdk/tree/appendonlytree.go:65.44,67.28 2 1
github.com/0xPolygon/cdk/tree/appendonlytree.go:67.28,73.4 1 1
github.com/0xPolygon/cdk/tree/appendonlytree.go:73.9,83.4 2 1
github.com/0xPolygon/cdk/tree/appendonlytree.go:84.3,85.38 2 1
github.com/0xPolygon/cdk/tree/appendonlytree.go:89.2,89.78 1 1
github.com/0xPolygon/cdk/tree/appendonlytree.go:89.78,91.3 1 0
github.com/0xPolygon/cdk/tree/appendonlytree.go:92.2,93.97 2 1
github.com/0xPolygon/cdk/tree/appendonlytree.go:93.97,95.3 1 0
github.com/0xPolygon/cdk/tree/appendonlytree.go:97.2,97.51 1 1
github.com/0xPolygon/cdk/tree/appendonlytree.go:97.51,99.3 1 0
github.com/0xPolygon/cdk/tree/appendonlytree.go:100.2,101.12 2 1
github.com/0xPolygon/cdk/tree/appendonlytree.go:105.86,107.2 1 0
github.com/0xPolygon/cdk/tree/appendonlytree.go:109.96,111.16 2 0
github.com/0xPolygon/cdk/tree/appendonlytree.go:111.16,113.3 1 0
github.com/0xPolygon/cdk/tree/appendonlytree.go:114.2,116.27 3 0
github.com/0xPolygon/cdk/tree/appendonlytree.go:120.96,122.16 2 0
github.com/0xPolygon/cdk/tree/appendonlytree.go:122.16,124.3 1 0
github.com/0xPolygon/cdk/tree/appendonlytree.go:125.2,127.16 3 0
github.com/0xPolygon/cdk/tree/appendonlytree.go:127.16,129.3 1 0
github.com/0xPolygon/cdk/tree/appendonlytree.go:130.2,130.13 1 0
github.com/0xPolygon/cdk/tree/appendonlytree.go:130.13,132.3 1 0
github.com/0xPolygon/cdk/tree/appendonlytree.go:133.2,133.29 1 0
github.com/0xPolygon/cdk/tree/appendonlytree.go:136.90,138.16 2 1
github.com/0xPolygon/cdk/tree/appendonlytree.go:138.16,140.3 1 0
github.com/0xPolygon/cdk/tree/appendonlytree.go:141.2,144.16 3 1
github.com/0xPolygon/cdk/tree/appendonlytree.go:144.16,146.3 1 0
github.com/0xPolygon/cdk/tree/appendonlytree.go:147.2,147.51 1 1
github.com/0xPolygon/cdk/tree/appendonlytree.go:150.71,152.16 2 1
github.com/0xPolygon/cdk/tree/appendonlytree.go:152.16,154.3 1 0
github.com/0xPolygon/cdk/tree/appendonlytree.go:155.2,156.18 2 1
github.com/0xPolygon/cdk/tree/appendonlytree.go:159.99,161.21 2 1
github.com/0xPolygon/cdk/tree/appendonlytree.go:161.21,164.3 2 1
github.com/0xPolygon/cdk/tree/appendonlytree.go:165.2,169.47 3 0
github.com/0xPolygon/cdk/tree/appendonlytree.go:169.47,171.17 2 0
github.com/0xPolygon/cdk/tree/appendonlytree.go:171.17,176.4 1 0
github.com/0xPolygon/cdk/tree/appendonlytree.go:177.3,177.25 1 0
github.com/0xPolygon/cdk/tree/appendonlytree.go:177.25,179.4 1 0
github.com/0xPolygon/cdk/tree/appendonlytree.go:180.3,181.23 2 0
github.com/0xPolygon/cdk/tree/appendonlytree.go:181.23,183.4 1 0
github.com/0xPolygon/cdk/tree/appendonlytree.go:183.9,185.4 1 0
github.com/0xPolygon/cdk/tree/appendonlytree.go:189.2,189.57 1 0
github.com/0xPolygon/cdk/tree/appendonlytree.go:189.57,191.3 1 0
github.com/0xPolygon/cdk/tree/appendonlytree.go:193.2,194.12 2 0
github.com/0xPolygon/cdk/tree/appendonlytree.go:200.86,201.23 1 0
github.com/0xPolygon/cdk/tree/appendonlytree.go:201.23,202.17 1 0
github.com/0xPolygon/cdk/tree/appendonlytree.go:202.18,202.19 0 0
github.com/0xPolygon/cdk/tree/appendonlytree.go:205.2,205.60 1 0
github.com/0xPolygon/cdk/tree/appendonlytree.go:205.60,206.83 1 0
github.com/0xPolygon/cdk/tree/appendonlytree.go:206.83,207.18 1 0
github.com/0xPolygon/cdk/tree/appendonlytree.go:207.19,207.20 0 0
github.com/0xPolygon/cdk/tree/appendonlytree.go:212.2,213.27 2 0
github.com/0xPolygon/cdk/tree/appendonlytree.go:213.27,215.17 2 0
github.com/0xPolygon/cdk/tree/appendonlytree.go:215.17,216.18 1 0
github.com/0xPolygon/cdk/tree/appendonlytree.go:216.19,216.20 0 0
github.com/0xPolygon/cdk/tree/appendonlytree.go:218.3,218.23 1 0
github.com/0xPolygon/cdk/tree/appendonlytree.go:218.23,219.18 1 0
github.com/0xPolygon/cdk/tree/appendonlytree.go:219.19,219.20 0 0
github.com/0xPolygon/cdk/tree/appendonlytree.go:221.3,221.32 1 0
github.com/0xPolygon/cdk/tree/appendonlytree.go:223.2,224.16 2 0
github.com/0xPolygon/cdk/tree/appendonlytree.go:224.16,225.17 1 0
github.com/0xPolygon/cdk/tree/appendonlytree.go:225.18,225.19 0 0
github.com/0xPolygon/cdk/tree/appendonlytree.go:229.2,231.16 3 0
github.com/0xPolygon/cdk/tree/appendonlytree.go:231.16,233.3 1 0
github.com/0xPolygon/cdk/tree/tree.go:45.39,52.2 6 1
github.com/0xPolygon/cdk/tree/tree.go:54.52,56.2 1 1
github.com/0xPolygon/cdk/tree/tree.go:58.55,60.33 2 1
github.com/0xPolygon/cdk/tree/tree.go:60.33,62.3 1 0
github.com/0xPolygon/cdk/tree/tree.go:63.2,65.12 3 1
github.com/0xPolygon/cdk/tree/tree.go:69.70,76.2 6 1
github.com/0xPolygon/cdk/tree/tree.go:78.49,91.2 5 1
github.com/0xPolygon/cdk/tree/tree.go:93.76,95.16 2 0
github.com/0xPolygon/cdk/tree/tree.go:95.16,97.3 1 0
github.com/0xPolygon/cdk/tree/tree.go:98.2,98.22 1 0
github.com/0xPolygon/cdk/tree/tree.go:98.22,100.3 1 0
github.com/0xPolygon/cdk/tree/tree.go:101.2,101.43 1 0
github.com/0xPolygon/cdk/tree/tree.go:104.75,106.16 2 0
github.com/0xPolygon/cdk/tree/tree.go:106.16,108.3 1 0
github.com/0xPolygon/cdk/tree/tree.go:109.2,109.23 1 0
github.com/0xPolygon/cdk/tree/tree.go:109.23,111.3 1 0
github.com/0xPolygon/cdk/tree/tree.go:112.2,112.48 1 0
github.com/0xPolygon/cdk/tree/tree.go:119.3,122.47 2 1
github.com/0xPolygon/cdk/tree/tree.go:122.47,125.17 3 1
github.com/0xPolygon/cdk/tree/tree.go:125.17,126.35 1 0
github.com/0xPolygon/cdk/tree/tree.go:126.35,130.13 4 0
github.com/0xPolygon/cdk/tree/tree.go:131.10,137.5 2 0
github.com/0xPolygon/cdk/tree/tree.go:160.3,160.23 1 1
github.com/0xPolygon/cdk/tree/tree.go:160.23,163.4 2 1
github.com/0xPolygon/cdk/tree/tree.go:163.9,166.4 2 1
github.com/0xPolygon/cdk/tree/tree.go:169.2,169.8 1 1
github.com/0xPolygon/cdk/tree/tree.go:173.114,175.16 2 1
github.com/0xPolygon/cdk/tree/tree.go:175.16,177.3 1 0
github.com/0xPolygon/cdk/tree/tree.go:178.2,180.16 3 1
github.com/0xPolygon/cdk/tree/tree.go:180.16,182.3 1 0
github.com/0xPolygon/cdk/tree/tree.go:183.2,183.19 1 1
github.com/0xPolygon/cdk/tree/tree.go:183.19,185.3 1 0
github.com/0xPolygon/cdk/tree/tree.go:186.2,186.22 1 1
github.com/0xPolygon/cdk/tree/tree.go:189.78,191.16 2 1
github.com/0xPolygon/cdk/tree/tree.go:191.16,193.3 1 0
github.com/0xPolygon/cdk/tree/tree.go:194.2,194.22 1 1
github.com/0xPolygon/cdk/tree/tree.go:194.22,196.3 1 0
github.com/0xPolygon/cdk/tree/tree.go:197.2,199.18 3 1
github.com/0xPolygon/cdk/tree/tree.go:202.53,209.36 2 1
github.com/0xPolygon/cdk/tree/tree.go:209.36,216.3 6 1
github.com/0xPolygon/cdk/tree/tree.go:217.2,217.19 1 1
github.com/0xPolygon/cdk/tree/tree.go:220.63,221.29 1 1
github.com/0xPolygon/cdk/tree/tree.go:221.29,223.17 2 1
github.com/0xPolygon/cdk/tree/tree.go:223.17,225.4 1 0
github.com/0xPolygon/cdk/tree/tree.go:226.3,226.72 1 1
github.com/0xPolygon/cdk/tree/tree.go:226.72,228.4 1 0
github.com/0xPolygon/cdk/tree/tree.go:230.2,230.12 1 1
github.com/0xPolygon/cdk/tree/tree.go:233.80,234.88 1 1
github.com/0xPolygon/cdk/tree/tree.go:234.88,236.3 1 0
github.com/0xPolygon/cdk/tree/tree.go:237.2,237.73 1 1
github.com/0xPolygon/cdk/tree/tree.go:241.70,243.16 2 0
github.com/0xPolygon/cdk/tree/tree.go:243.16,245.3 1 0
github.com/0xPolygon/cdk/tree/tree.go:246.2,249.16 3 0
github.com/0xPolygon/cdk/tree/tree.go:249.16,251.3 1 0
github.com/0xPolygon/cdk/tree/tree.go:252.2,252.13 1 0
github.com/0xPolygon/cdk/tree/tree.go:252.13,254.3 1 0
github.com/0xPolygon/cdk/tree/tree.go:255.2,255.18 1 0
github.com/0xPolygon/cdk/tree/tree.go:260.80,267.16 2 1
github.com/0xPolygon/cdk/tree/tree.go:267.16,269.3 1 0
github.com/0xPolygon/cdk/tree/tree.go:271.2,272.16 2 1
github.com/0xPolygon/cdk/tree/tree.go:272.16,274.3 1 0
github.com/0xPolygon/cdk/tree/tree.go:275.2,275.27 1 1
github.com/0xPolygon/cdk/tree/tree.go:275.27,277.3 1 1
github.com/0xPolygon/cdk/tree/tree.go:278.2,278.83 1 1
github.com/0xPolygon/cdk/tree/tree.go:281.98,283.16 2 0
github.com/0xPolygon/cdk/tree/tree.go:283.16,285.3 1 0
github.com/0xPolygon/cdk/tree/tree.go:286.2,289.47 3 0
github.com/0xPolygon/cdk/tree/tree.go:289.47,291.17 2 0
github.com/0xPolygon/cdk/tree/tree.go:291.17,293.4 1 0
github.com/0xPolygon/cdk/tree/tree.go:294.3,294.23 1 0
github.com/0xPolygon/cdk/tree/tree.go:294.23,296.4 1 0
github.com/0xPolygon/cdk/tree/tree.go:296.9,298.4 1 0
github.com/0xPolygon/cdk/tree/tree.go:301.2,301.29 1 0
github.com/0xPolygon/cdk/tree/updatabletree.go:19.97,23.16 3 0
github.com/0xPolygon/cdk/tree/updatabletree.go:23.16,25.3 1 0
github.com/0xPolygon/cdk/tree/updatabletree.go:26.2,28.16 3 0
github.com/0xPolygon/cdk/tree/updatabletree.go:28.16,30.3 1 0
github.com/0xPolygon/cdk/tree/updatabletree.go:31.2,31.21 1 0
github.com/0xPolygon/cdk/tree/updatabletree.go:31.21,33.3 1 0
github.com/0xPolygon/cdk/tree/updatabletree.go:34.2,38.16 2 0
github.com/0xPolygon/cdk/tree/updatabletree.go:45.100,46.22 1 0
github.com/0xPolygon/cdk/tree/updatabletree.go:46.22,47.17 1 0
github.com/0xPolygon/cdk/tree/updatabletree.go:47.18,47.19 0 0
github.com/0xPolygon/cdk/tree/updatabletree.go:49.2,50.21 2 0
github.com/0xPolygon/cdk/tree/updatabletree.go:50.21,52.3 1 0
github.com/0xPolygon/cdk/tree/updatabletree.go:54.2,54.27 1 0
github.com/0xPolygon/cdk/tree/updatabletree.go:54.27,55.45 1 0
github.com/0xPolygon/cdk/tree/updatabletree.go:55.45,57.4 1 0
github.com/0xPolygon/cdk/tree/updatabletree.go:60.2,60.63 1 0
github.com/0xPolygon/cdk/tree/updatabletree.go:60.63,62.3 1 0
github.com/0xPolygon/cdk/tree/updatabletree.go:63.2,63.22 1 0
github.com/0xPolygon/cdk/tree/updatabletree.go:66.65,68.16 2 0
github.com/0xPolygon/cdk/tree/updatabletree.go:68.16,70.3 1 0
github.com/0xPolygon/cdk/tree/updatabletree.go:71.2,73.44 3 0
github.com/0xPolygon/cdk/tree/updatabletree.go:73.44,75.28 2 0
github.com/0xPolygon/cdk/tree/updatabletree.go:75.28,81.4 1 0
github.com/0xPolygon/cdk/tree/updatabletree.go:81.9,87.4 1 0
github.com/0xPolygon/cdk/tree/updatabletree.go:88.3,89.38 2 0
github.com/0xPolygon/cdk/tree/updatabletree.go:92.2,92.51 1 0
github.com/0xPolygon/cdk/tree/updatabletree.go:92.51,94.3 1 0
github.com/0xPolygon/cdk/tree/updatabletree.go:95.2,96.12 2 0
github.com/0xPolygon/cdk/tree/updatabletree.go:102.85,109.16 2 0
github.com/0xPolygon/cdk/tree/updatabletree.go:109.16,110.17 1 0
github.com/0xPolygon/cdk/tree/updatabletree.go:110.18,110.19 0 0
github.com/0xPolygon/cdk/tree/updatabletree.go:112.2,113.21 2 0
github.com/0xPolygon/cdk/tree/updatabletree.go:113.21,115.3 1 0
github.com/0xPolygon/cdk/tree/updatabletree.go:117.2,117.121 1 0
github.com/0xPolygon/cdk/tree/updatabletree.go:117.121,118.17 1 0
github.com/0xPolygon/cdk/tree/updatabletree.go:118.17,120.4 1 0
github.com/0xPolygon/cdk/tree/updatabletree.go:122.3,122.66 1 0
github.com/0xPolygon/cdk/tree/updatabletree.go:122.66,123.65 1 0
github.com/0xPolygon/cdk/tree/updatabletree.go:123.65,125.5 1 0
github.com/0xPolygon/cdk/tree/updatabletree.go:126.9,129.4 2 0
github.com/0xPolygon/cdk/tree/updatabletree.go:133.2,134.22 2 0
github.com/0xPolygon/cdk/tree/updatabletree.go:138.93,140.2 1 0
github.com/0xPolygon/cdk/tree/testvectors/types.go:23.47,43.2 10 1
github.com/0xPolygon/cdk/version.go:18.32,25.2 6 0
github.com/0xPolygon/cdk/common/common.go:13.39,20.2 4 0
github.com/0xPolygon/cdk/common/common.go:23.41,25.2 1 0
github.com/0xPolygon/cdk/common/common.go:28.39,35.2 4 0
github.com/0xPolygon/cdk/common/common.go:38.41,40.2 1 0
github.com/0xPolygon/cdk/common/common.go:50.15,59.19 7 0
github.com/0xPolygon/cdk/common/common.go:59.19,61.3 1 0
github.com/0xPolygon/cdk/common/common.go:63.2,63.19 1 0
github.com/0xPolygon/cdk/common/common.go:63.19,65.3 1 0
github.com/0xPolygon/cdk/common/common.go:67.2,67.18 1 0
github.com/0xPolygon/cdk/common/common.go:67.18,69.3 1 0
github.com/0xPolygon/cdk/common/common.go:71.2,71.19 1 0
github.com/0xPolygon/cdk/common/common.go:71.19,73.3 1 0
github.com/0xPolygon/cdk/common/common.go:75.2,75.19 1 0
github.com/0xPolygon/cdk/common/common.go:75.19,77.3 1 0
github.com/0xPolygon/cdk/common/common.go:79.2,88.67 8 0
github.com/0xPolygon/cdk/sync/common.go:13.62,14.83 1 1
github.com/0xPolygon/cdk/sync/common.go:14.83,19.3 1 0
github.com/0xPolygon/cdk/sync/common.go:20.2,20.37 1 1
github.com/0xPolygon/cdk/sync/evmdownloader.go:47.27,50.16 3 1
github.com/0xPolygon/cdk/sync/evmdownloader.go:50.16,52.3 1 0
github.com/0xPolygon/cdk/sync/evmdownloader.go:53.2,54.30 2 1
github.com/0xPolygon/cdk/sync/evmdownloader.go:54.30,56.3 1 1
github.com/0xPolygon/cdk/sync/evmdownloader.go:57.2,70.8 1 1
github.com/0xPolygon/cdk/sync/evmdownloader.go:73.101,75.6 2 1
github.com/0xPolygon/cdk/sync/evmdownloader.go:75.6,76.10 1 1
github.com/0xPolygon/cdk/sync/evmdownloader.go:77.21,80.10 3 1
github.com/0xPolygon/cdk/sync/evmdownloader.go:81.11,81.11 0 1
github.com/0xPolygon/cdk/sync/evmdownloader.go:83.3,84.26 2 1
github.com/0xPolygon/cdk/sync/evmdownloader.go:84.26,86.4 1 1
github.com/0xPolygon/cdk/sync/evmdownloader.go:87.3,87.26 1 1
github.com/0xPolygon/cdk/sync/evmdownloader.go:87.26,93.12 3 1
github.com/0xPolygon/cdk/sync/evmdownloader.go:95.3,97.28 3 1
github.com/0xPolygon/cdk/sync/evmdownloader.go:97.28,100.4 2 1
github.com/0xPolygon/cdk/sync/evmdownloader.go:101.3,101.62 1 1
github.com/0xPolygon/cdk/sync/evmdownloader.go:101.62,107.4 2 1
github.com/0xPolygon/cdk/sync/evmdownloader.go:108.3,108.26 1 1
github.com/0xPolygon/cdk/sync/evmdownloader.go:132.32,144.2 2 0
github.com/0xPolygon/cdk/sync/evmdownloader.go:148.25,152.6 4 1
github.com/0xPolygon/cdk/sync/evmdownloader.go:152.6,153.10 1 1
github.com/0xPolygon/cdk/sync/evmdownloader.go:154.21,156.24 2 0
github.com/0xPolygon/cdk/sync/evmdownloader.go:157.19,159.18 2 1
github.com/0xPolygon/cdk/sync/evmdownloader.go:159.18,163.13 4 1
github.com/0xPolygon/cdk/sync/evmdownloader.go:165.4,165.46 1 1
github.com/0xPolygon/cdk/sync/evmdownloader.go:165.46,167.5 1 1
github.com/0xPolygon/cdk/sync/evmdownloader.go:172.120,175.25 3 1
github.com/0xPolygon/cdk/sync/evmdownloader.go:175.25,176.68 1 1
github.com/0xPolygon/cdk/sync/evmdownloader.go:176.68,178.29 2 1
github.com/0xPolygon/cdk/sync/evmdownloader.go:178.29,185.5 2 0
github.com/0xPolygon/cdk/sync/evmdownloader.go:186.4,194.6 1 1
github.com/0xPolygon/cdk/sync/evmdownloader.go:197.3,197.7 1 1
github.com/0xPolygon/cdk/sync/evmdownloader.go:197.7,200.18 3 1
github.com/0xPolygon/cdk/sync/evmdownloader.go:200.18,204.13 4 0
github.com/0xPolygon/cdk/sync/evmdownloader.go:206.4,206.9 1 1
github.com/0xPolygon/cdk/sync/evmdownloader.go:210.2,210.15 1 1
github.com/0xPolygon/cdk/sync/evmdownloader.go:213.107,224.6 3 1
github.com/0xPolygon/cdk/sync/evmdownloader.go:224.6,226.17 2 1
github.com/0xPolygon/cdk/sync/evmdownloader.go:226.17,230.12 4 0
github.com/0xPolygon/cdk/sync/evmdownloader.go:232.3,232.8 1 1
github.com/0xPolygon/cdk/sync/evmdownloader.go:234.2,235.35 2 1
github.com/0xPolygon/cdk/sync/evmdownloader.go:235.35,236.41 1 1
github.com/0xPolygon/cdk/sync/evmdownloader.go:236.41,237.28 1 1
github.com/0xPolygon/cdk/sync/evmdownloader.go:237.28,239.10 2 1
github.com/0xPolygon/cdk/sync/evmdownloader.go:243.2,243.13 1 1
github.com/0xPolygon/cdk/sync/evmdownloader.go:246.107,248.6 2 1
github.com/0xPolygon/cdk/sync/evmdownloader.go:248.6,250.17 2 1
github.com/0xPolygon/cdk/sync/evmdownloader.go:250.17,254.12 4 1
github.com/0xPolygon/cdk/sync/evmdownloader.go:256.3,261.4 1 1
github.com/0xPolygon/cdk/sync/evmdriver.go:49.23,52.16 3 1
github.com/0xPolygon/cdk/sync/evmdriver.go:52.16,54.3 1 0
github.com/0xPolygon/cdk/sync/evmdriver.go:55.2,64.8 1 1
github.com/0xPolygon/cdk/sync/evmdriver.go:67.47,68.1 1 1
github.com/0xPolygon/cdk/sync/evmdriver.go:69.2,74.6 2 1
github.com/0xPolygon/cdk/sync/evmdriver.go:74.6,76.17 2 1
github.com/0xPolygon/cdk/sync/evmdriver.go:76.17,80.12 4 0
github.com/0xPolygon/cdk/sync/evmdriver.go:82.3,82.8 1 1
github.com/0xPolygon/cdk/sync/evmdriver.go:84.2,91.6 5 1
github.com/0xPolygon/cdk/sync/evmdriver.go:91.6,92.10 1 1
github.com/0xPolygon/cdk/sync/evmdriver.go:93.26,95.28 2 1
github.com/0xPolygon/cdk/sync/evmdriver.go:96.55,99.14 3 1
github.com/0xPolygon/cdk/sync/evmdriver.go:104.69,106.6 2 1
github.com/0xPolygon/cdk/sync/evmdriver.go:106.6,108.17 2 1
github.com/0xPolygon/cdk/sync/evmdriver.go:108.17,112.12 4 1
github.com/0xPolygon/cdk/sync/evmdriver.go:114.3,114.8 1 1
github.com/0xPolygon/cdk/sync/evmdriver.go:116.2,117.6 2 1
github.com/0xPolygon/cdk/sync/evmdriver.go:117.6,123.17 3 1
github.com/0xPolygon/cdk/sync/evmdriver.go:123.17,127.12 4 1
github.com/0xPolygon/cdk/sync/evmdriver.go:129.3,129.8 1 1
github.com/0xPolygon/cdk/sync/evmdriver.go:135.3,139.9 3 1
github.com/0xPolygon/cdk/sync/evmdriver.go:139.9,141.3 1 1
github.com/0xPolygon/cdk/sync/evmdriver.go:143.2,144.6 2 1
github.com/0xPolygon/cdk/sync/evmdriver.go:144.6,146.17 2 1
github.com/0xPolygon/cdk/sync/evmdriver.go:146.17,153.12 4 1
github.com/0xPolygon/cdk/sync/evmdriver.go:155.3,155.8 1 1
github.com/0xPolygon/cdk/sync/evmdriver.go:157.2,157.35 1 1
github.com/0xPolygon/cdk/translator/translator_impl.go:13.79,14.59 1 0
github.com/0xPolygon/cdk/translator/translator_impl.go:14.59,16.3 1 0
github.com/0xPolygon/cdk/translator/translator_impl.go:17.2,17.34 1 0
github.com/0xPolygon/cdk/translator/translator_impl.go:20.85,22.2 1 0
github.com/0xPolygon/cdk/translator/translator_impl.go:26.28,32.2 1 0
github.com/0xPolygon/cdk/translator/translator_impl.go:38.42,42.2 1 0
github.com/0xPolygon/cdk/translator/translator_impl.go:44.76,45.40 1 0
github.com/0xPolygon/cdk/translator/translator_impl.go:45.40,46.36 1 0
github.com/0xPolygon/cdk/translator/translator_impl.go:46.36,50.4 3 0
github.com/0xPolygon/cdk/translator/translator_impl.go:52.2,52.13 1 0
github.com/0xPolygon/cdk/translator/translator_impl.go:55.64,57.2 1 0
github.com/0xPolygon/cdk/translator/translator_impl.go:59.53,60.39 1 0
github.com/0xPolygon/cdk/translator/translator_impl.go:60.39,62.26 2 0
github.com/0xPolygon/cdk/translator/translator_impl.go:62.26,65.4 2 0
github.com/0xPolygon/cdk/translator/translator_impl.go:66.3,67.19 2 0
