mode: set
github.com/0xPolygon/cdk/l1infotreesync/downloader.go:37.74,39.16 2 1
github.com/0xPolygon/cdk/l1infotreesync/downloader.go:39.16,41.3 1 1
github.com/0xPolygon/cdk/l1infotreesync/downloader.go:42.2,43.12 2 1
github.com/0xPolygon/cdk/l1infotreesync/downloader.go:47.80,49.16 2 1
github.com/0xPolygon/cdk/l1infotreesync/downloader.go:49.16,51.3 1 1
github.com/0xPolygon/cdk/l1infotreesync/downloader.go:52.2,53.12 2 1
github.com/0xPolygon/cdk/l1infotreesync/downloader.go:58.74,61.39 3 1
github.com/0xPolygon/cdk/l1infotreesync/downloader.go:61.39,65.3 3 1
github.com/0xPolygon/cdk/l1infotreesync/downloader.go:66.2,66.12 1 1
github.com/0xPolygon/cdk/l1infotreesync/downloader.go:72.9,74.16 2 1
github.com/0xPolygon/cdk/l1infotreesync/downloader.go:74.16,76.3 1 0
github.com/0xPolygon/cdk/l1infotreesync/downloader.go:78.2,79.16 2 1
github.com/0xPolygon/cdk/l1infotreesync/downloader.go:79.16,81.3 1 0
github.com/0xPolygon/cdk/l1infotreesync/downloader.go:82.2,82.48 1 1
github.com/0xPolygon/cdk/l1infotreesync/downloader.go:86.82,88.16 2 1
github.com/0xPolygon/cdk/l1infotreesync/downloader.go:88.16,92.3 3 0
github.com/0xPolygon/cdk/l1infotreesync/downloader.go:93.2,94.59 2 1
github.com/0xPolygon/cdk/l1infotreesync/downloader.go:94.59,96.3 1 1
github.com/0xPolygon/cdk/l1infotreesync/downloader.go:98.2,99.83 2 1
github.com/0xPolygon/cdk/l1infotreesync/downloader.go:99.83,101.17 2 0
github.com/0xPolygon/cdk/l1infotreesync/downloader.go:101.17,106.4 1 0
github.com/0xPolygon/cdk/l1infotreesync/downloader.go:107.3,112.13 2 0
github.com/0xPolygon/cdk/l1infotreesync/downloader.go:114.2,114.84 1 1
github.com/0xPolygon/cdk/l1infotreesync/downloader.go:114.84,116.17 2 1
github.com/0xPolygon/cdk/l1infotreesync/downloader.go:116.17,121.4 1 0
github.com/0xPolygon/cdk/l1infotreesync/downloader.go:122.3,130.13 2 1
github.com/0xPolygon/cdk/l1infotreesync/downloader.go:133.2,133.84 1 1
github.com/0xPolygon/cdk/l1infotreesync/downloader.go:133.84,135.17 2 1
github.com/0xPolygon/cdk/l1infotreesync/downloader.go:135.17,140.4 1 0
github.com/0xPolygon/cdk/l1infotreesync/downloader.go:141.3,148.13 2 1
github.com/0xPolygon/cdk/l1infotreesync/downloader.go:151.2,151.79 1 1
github.com/0xPolygon/cdk/l1infotreesync/downloader.go:151.79,153.17 2 1
github.com/0xPolygon/cdk/l1infotreesync/downloader.go:153.17,158.4 1 0
github.com/0xPolygon/cdk/l1infotreesync/downloader.go:159.3,168.13 2 1
github.com/0xPolygon/cdk/l1infotreesync/downloader.go:170.2,170.96 1 1
github.com/0xPolygon/cdk/l1infotreesync/downloader.go:170.96,172.17 2 1
github.com/0xPolygon/cdk/l1infotreesync/downloader.go:172.17,177.4 1 0
github.com/0xPolygon/cdk/l1infotreesync/downloader.go:178.3,187.13 2 1
github.com/0xPolygon/cdk/l1infotreesync/downloader.go:190.2,190.22 1 1
github.com/0xPolygon/cdk/l1infotreesync/l1infotreesync.go:50.28,52.16 2 1
github.com/0xPolygon/cdk/l1infotreesync/l1infotreesync.go:52.16,54.3 1 0
github.com/0xPolygon/cdk/l1infotreesync/l1infotreesync.go:56.2,57.16 2 1
github.com/0xPolygon/cdk/l1infotreesync/l1infotreesync.go:57.16,59.3 1 0
github.com/0xPolygon/cdk/l1infotreesync/l1infotreesync.go:60.2,60.61 1 1
github.com/0xPolygon/cdk/l1infotreesync/l1infotreesync.go:60.61,64.17 2 0
github.com/0xPolygon/cdk/l1infotreesync/l1infotreesync.go:64.17,66.4 1 0
github.com/0xPolygon/cdk/l1infotreesync/l1infotreesync.go:68.2,74.16 3 1
github.com/0xPolygon/cdk/l1infotreesync/l1infotreesync.go:74.16,76.3 1 0
github.com/0xPolygon/cdk/l1infotreesync/l1infotreesync.go:77.2,87.16 2 1
github.com/0xPolygon/cdk/l1infotreesync/l1infotreesync.go:87.16,89.3 1 0
github.com/0xPolygon/cdk/l1infotreesync/l1infotreesync.go:91.2,92.16 2 1
github.com/0xPolygon/cdk/l1infotreesync/l1infotreesync.go:92.16,94.3 1 0
github.com/0xPolygon/cdk/l1infotreesync/l1infotreesync.go:96.2,99.8 1 1
github.com/0xPolygon/cdk/l1infotreesync/l1infotreesync.go:103.53,105.2 1 1
github.com/0xPolygon/cdk/l1infotreesync/l1infotreesync.go:108.119,109.24 1 1
github.com/0xPolygon/cdk/l1infotreesync/l1infotreesync.go:109.24,111.3 1 1
github.com/0xPolygon/cdk/l1infotreesync/l1infotreesync.go:112.2,112.57 1 0
github.com/0xPolygon/cdk/l1infotreesync/l1infotreesync.go:120.24,121.24 1 1
github.com/0xPolygon/cdk/l1infotreesync/l1infotreesync.go:121.24,123.3 1 1
github.com/0xPolygon/cdk/l1infotreesync/l1infotreesync.go:124.2,124.20 1 0
github.com/0xPolygon/cdk/l1infotreesync/l1infotreesync.go:124.20,126.3 1 0
github.com/0xPolygon/cdk/l1infotreesync/l1infotreesync.go:128.2,128.68 1 0
github.com/0xPolygon/cdk/l1infotreesync/l1infotreesync.go:131.38,132.36 1 0
github.com/0xPolygon/cdk/l1infotreesync/l1infotreesync.go:132.36,134.3 1 0
github.com/0xPolygon/cdk/l1infotreesync/l1infotreesync.go:135.2,135.12 1 0
github.com/0xPolygon/cdk/l1infotreesync/l1infotreesync.go:143.113,144.24 1 1
github.com/0xPolygon/cdk/l1infotreesync/l1infotreesync.go:144.24,146.3 1 1
github.com/0xPolygon/cdk/l1infotreesync/l1infotreesync.go:147.2,148.34 2 0
github.com/0xPolygon/cdk/l1infotreesync/l1infotreesync.go:152.101,153.24 1 1
github.com/0xPolygon/cdk/l1infotreesync/l1infotreesync.go:153.24,155.3 1 1
github.com/0xPolygon/cdk/l1infotreesync/l1infotreesync.go:156.2,156.47 1 1
github.com/0xPolygon/cdk/l1infotreesync/l1infotreesync.go:160.106,161.24 1 1
github.com/0xPolygon/cdk/l1infotreesync/l1infotreesync.go:161.24,163.3 1 1
github.com/0xPolygon/cdk/l1infotreesync/l1infotreesync.go:164.2,164.58 1 1
github.com/0xPolygon/cdk/l1infotreesync/l1infotreesync.go:168.89,169.24 1 1
github.com/0xPolygon/cdk/l1infotreesync/l1infotreesync.go:169.24,171.3 1 1
github.com/0xPolygon/cdk/l1infotreesync/l1infotreesync.go:172.2,172.52 1 1
github.com/0xPolygon/cdk/l1infotreesync/l1infotreesync.go:176.89,177.24 1 1
github.com/0xPolygon/cdk/l1infotreesync/l1infotreesync.go:177.24,179.3 1 1
github.com/0xPolygon/cdk/l1infotreesync/l1infotreesync.go:180.2,180.48 1 1
github.com/0xPolygon/cdk/l1infotreesync/l1infotreesync.go:184.85,185.24 1 1
github.com/0xPolygon/cdk/l1infotreesync/l1infotreesync.go:185.24,187.3 1 1
github.com/0xPolygon/cdk/l1infotreesync/l1infotreesync.go:188.2,188.47 1 1
github.com/0xPolygon/cdk/l1infotreesync/l1infotreesync.go:193.24,194.24 1 1
github.com/0xPolygon/cdk/l1infotreesync/l1infotreesync.go:194.24,196.3 1 1
github.com/0xPolygon/cdk/l1infotreesync/l1infotreesync.go:197.2,197.20 1 0
github.com/0xPolygon/cdk/l1infotreesync/l1infotreesync.go:197.20,199.3 1 0
github.com/0xPolygon/cdk/l1infotreesync/l1infotreesync.go:201.2,201.77 1 0
github.com/0xPolygon/cdk/l1infotreesync/l1infotreesync.go:204.90,205.24 1 1
github.com/0xPolygon/cdk/l1infotreesync/l1infotreesync.go:205.24,207.3 1 1
github.com/0xPolygon/cdk/l1infotreesync/l1infotreesync.go:208.2,208.53 1 1
github.com/0xPolygon/cdk/l1infotreesync/l1infotreesync.go:211.91,212.24 1 1
github.com/0xPolygon/cdk/l1infotreesync/l1infotreesync.go:212.24,214.3 1 1
github.com/0xPolygon/cdk/l1infotreesync/l1infotreesync.go:215.2,215.54 1 0
github.com/0xPolygon/cdk/l1infotreesync/l1infotreesync.go:218.118,219.24 1 1
github.com/0xPolygon/cdk/l1infotreesync/l1infotreesync.go:219.24,221.3 1 1
github.com/0xPolygon/cdk/l1infotreesync/l1infotreesync.go:222.2,222.74 1 0
github.com/0xPolygon/cdk/l1infotreesync/l1infotreesync.go:225.112,226.24 1 1
github.com/0xPolygon/cdk/l1infotreesync/l1infotreesync.go:226.24,228.3 1 1
github.com/0xPolygon/cdk/l1infotreesync/l1infotreesync.go:229.2,229.69 1 0
github.com/0xPolygon/cdk/l1infotreesync/l1infotreesync.go:232.65,233.24 1 1
github.com/0xPolygon/cdk/l1infotreesync/l1infotreesync.go:233.24,235.3 1 1
github.com/0xPolygon/cdk/l1infotreesync/l1infotreesync.go:236.2,236.34 1 0
github.com/0xPolygon/cdk/l1infotreesync/l1infotreesync.go:239.66,240.24 1 1
github.com/0xPolygon/cdk/l1infotreesync/l1infotreesync.go:240.24,242.3 1 1
github.com/0xPolygon/cdk/l1infotreesync/l1infotreesync.go:243.2,243.35 1 0
github.com/0xPolygon/cdk/l1infotreesync/l1infotreesync.go:246.91,247.24 1 1
github.com/0xPolygon/cdk/l1infotreesync/l1infotreesync.go:247.24,249.3 1 1
github.com/0xPolygon/cdk/l1infotreesync/l1infotreesync.go:250.2,250.53 1 0
github.com/0xPolygon/cdk/l1infotreesync/l1infotreesync.go:253.92,254.24 1 0
github.com/0xPolygon/cdk/l1infotreesync/l1infotreesync.go:254.24,256.3 1 0
github.com/0xPolygon/cdk/l1infotreesync/l1infotreesync.go:257.2,257.49 1 0
github.com/0xPolygon/cdk/l1infotreesync/l1infotreesync.go:263.24,264.24 1 1
github.com/0xPolygon/cdk/l1infotreesync/l1infotreesync.go:264.24,266.3 1 1
github.com/0xPolygon/cdk/l1infotreesync/l1infotreesync.go:267.2,267.58 1 0
github.com/0xPolygon/cdk/l1infotreesync/l1infotreesync.go:271.96,272.24 1 0
github.com/0xPolygon/cdk/l1infotreesync/l1infotreesync.go:272.24,274.3 1 0
github.com/0xPolygon/cdk/l1infotreesync/l1infotreesync.go:275.2,275.46 1 0
github.com/0xPolygon/cdk/l1infotreesync/processor.go:65.41,70.2 1 1
github.com/0xPolygon/cdk/l1infotreesync/processor.go:77.45,79.2 1 1
github.com/0xPolygon/cdk/l1infotreesync/processor.go:101.42,106.2 1 1
github.com/0xPolygon/cdk/l1infotreesync/processor.go:115.45,117.2 1 1
github.com/0xPolygon/cdk/l1infotreesync/processor.go:120.45,126.2 5 1
github.com/0xPolygon/cdk/l1infotreesync/processor.go:129.55,137.2 6 1
github.com/0xPolygon/cdk/l1infotreesync/processor.go:139.54,141.16 2 1
github.com/0xPolygon/cdk/l1infotreesync/processor.go:141.16,143.3 1 0
github.com/0xPolygon/cdk/l1infotreesync/processor.go:144.2,145.16 2 1
github.com/0xPolygon/cdk/l1infotreesync/processor.go:145.16,147.3 1 0
github.com/0xPolygon/cdk/l1infotreesync/processor.go:148.2,152.8 1 1
github.com/0xPolygon/cdk/l1infotreesync/processor.go:158.44,160.16 2 1
github.com/0xPolygon/cdk/l1infotreesync/processor.go:160.16,162.3 1 1
github.com/0xPolygon/cdk/l1infotreesync/processor.go:163.2,164.25 2 1
github.com/0xPolygon/cdk/l1infotreesync/processor.go:169.108,170.19 1 1
github.com/0xPolygon/cdk/l1infotreesync/processor.go:170.19,172.3 1 0
github.com/0xPolygon/cdk/l1infotreesync/processor.go:173.2,174.16 2 1
github.com/0xPolygon/cdk/l1infotreesync/processor.go:174.16,176.3 1 0
github.com/0xPolygon/cdk/l1infotreesync/processor.go:177.2,177.15 1 1
github.com/0xPolygon/cdk/l1infotreesync/processor.go:177.15,178.39 1 1
github.com/0xPolygon/cdk/l1infotreesync/processor.go:178.39,180.4 1 0
github.com/0xPolygon/cdk/l1infotreesync/processor.go:183.2,184.16 2 1
github.com/0xPolygon/cdk/l1infotreesync/processor.go:184.16,186.3 1 0
github.com/0xPolygon/cdk/l1infotreesync/processor.go:187.2,187.20 1 1
github.com/0xPolygon/cdk/l1infotreesync/processor.go:187.20,189.3 1 0
github.com/0xPolygon/cdk/l1infotreesync/processor.go:191.2,196.16 3 1
github.com/0xPolygon/cdk/l1infotreesync/processor.go:196.16,197.36 1 1
github.com/0xPolygon/cdk/l1infotreesync/processor.go:197.36,199.4 1 1
github.com/0xPolygon/cdk/l1infotreesync/processor.go:200.3,200.18 1 0
github.com/0xPolygon/cdk/l1infotreesync/processor.go:202.2,202.18 1 0
github.com/0xPolygon/cdk/l1infotreesync/processor.go:206.96,208.2 1 1
github.com/0xPolygon/cdk/l1infotreesync/processor.go:210.93,216.2 2 1
github.com/0xPolygon/cdk/l1infotreesync/processor.go:219.80,221.2 1 1
github.com/0xPolygon/cdk/l1infotreesync/processor.go:223.80,227.35 4 1
github.com/0xPolygon/cdk/l1infotreesync/processor.go:227.35,229.3 1 1
github.com/0xPolygon/cdk/l1infotreesync/processor.go:230.2,230.32 1 1
github.com/0xPolygon/cdk/l1infotreesync/processor.go:235.80,237.16 2 1
github.com/0xPolygon/cdk/l1infotreesync/processor.go:237.16,239.3 1 0
github.com/0xPolygon/cdk/l1infotreesync/processor.go:240.2,241.15 2 1
github.com/0xPolygon/cdk/l1infotreesync/processor.go:241.15,242.21 1 1
github.com/0xPolygon/cdk/l1infotreesync/processor.go:242.21,243.52 1 0
github.com/0xPolygon/cdk/l1infotreesync/processor.go:243.52,245.5 1 0
github.com/0xPolygon/cdk/l1infotreesync/processor.go:249.2,250.16 2 1
github.com/0xPolygon/cdk/l1infotreesync/processor.go:250.16,252.3 1 0
github.com/0xPolygon/cdk/l1infotreesync/processor.go:254.2,254.65 1 1
github.com/0xPolygon/cdk/l1infotreesync/processor.go:254.65,256.3 1 0
github.com/0xPolygon/cdk/l1infotreesync/processor.go:258.2,258.69 1 1
github.com/0xPolygon/cdk/l1infotreesync/processor.go:258.69,260.3 1 0
github.com/0xPolygon/cdk/l1infotreesync/processor.go:261.2,262.16 2 1
github.com/0xPolygon/cdk/l1infotreesync/processor.go:262.16,264.3 1 0
github.com/0xPolygon/cdk/l1infotreesync/processor.go:265.2,265.22 1 1
github.com/0xPolygon/cdk/l1infotreesync/processor.go:265.22,268.3 2 1
github.com/0xPolygon/cdk/l1infotreesync/processor.go:270.2,270.36 1 1
github.com/0xPolygon/cdk/l1infotreesync/processor.go:270.36,272.3 1 0
github.com/0xPolygon/cdk/l1infotreesync/processor.go:273.2,274.12 2 1
github.com/0xPolygon/cdk/l1infotreesync/processor.go:279.79,280.14 1 1
github.com/0xPolygon/cdk/l1infotreesync/processor.go:280.14,283.3 2 1
github.com/0xPolygon/cdk/l1infotreesync/processor.go:284.2,285.16 2 1
github.com/0xPolygon/cdk/l1infotreesync/processor.go:285.16,287.3 1 0
github.com/0xPolygon/cdk/l1infotreesync/processor.go:288.2,289.15 2 1
github.com/0xPolygon/cdk/l1infotreesync/processor.go:289.15,290.21 1 1
github.com/0xPolygon/cdk/l1infotreesync/processor.go:290.21,291.52 1 1
github.com/0xPolygon/cdk/l1infotreesync/processor.go:291.52,293.5 1 0
github.com/0xPolygon/cdk/l1infotreesync/processor.go:297.2,297.85 1 1
github.com/0xPolygon/cdk/l1infotreesync/processor.go:297.85,299.3 1 0
github.com/0xPolygon/cdk/l1infotreesync/processor.go:301.2,305.9 4 1
github.com/0xPolygon/cdk/l1infotreesync/processor.go:306.38,307.25 1 1
github.com/0xPolygon/cdk/l1infotreesync/processor.go:308.18,309.49 1 0
github.com/0xPolygon/cdk/l1infotreesync/processor.go:310.10,311.37 1 1
github.com/0xPolygon/cdk/l1infotreesync/processor.go:314.2,314.33 1 1
github.com/0xPolygon/cdk/l1infotreesync/processor.go:314.33,316.10 2 1
github.com/0xPolygon/cdk/l1infotreesync/processor.go:316.10,318.4 1 0
github.com/0xPolygon/cdk/l1infotreesync/processor.go:319.3,319.36 1 1
github.com/0xPolygon/cdk/l1infotreesync/processor.go:319.36,332.65 5 1
github.com/0xPolygon/cdk/l1infotreesync/processor.go:332.65,334.5 1 0
github.com/0xPolygon/cdk/l1infotreesync/processor.go:336.4,340.18 2 1
github.com/0xPolygon/cdk/l1infotreesync/processor.go:340.18,342.5 1 0
github.com/0xPolygon/cdk/l1infotreesync/processor.go:343.4,344.23 2 1
github.com/0xPolygon/cdk/l1infotreesync/processor.go:346.3,346.38 1 1
github.com/0xPolygon/cdk/l1infotreesync/processor.go:346.38,348.18 2 1
github.com/0xPolygon/cdk/l1infotreesync/processor.go:348.18,350.5 1 0
github.com/0xPolygon/cdk/l1infotreesync/processor.go:355.4,355.63 1 1
github.com/0xPolygon/cdk/l1infotreesync/processor.go:355.63,364.5 5 1
github.com/0xPolygon/cdk/l1infotreesync/processor.go:365.4,365.58 1 1
github.com/0xPolygon/cdk/l1infotreesync/processor.go:365.58,374.5 5 0
github.com/0xPolygon/cdk/l1infotreesync/processor.go:376.3,376.33 1 1
github.com/0xPolygon/cdk/l1infotreesync/processor.go:376.33,379.18 3 1
github.com/0xPolygon/cdk/l1infotreesync/processor.go:379.18,383.5 3 0
github.com/0xPolygon/cdk/l1infotreesync/processor.go:386.3,386.37 1 1
github.com/0xPolygon/cdk/l1infotreesync/processor.go:386.37,389.18 3 1
github.com/0xPolygon/cdk/l1infotreesync/processor.go:389.18,393.5 3 1
github.com/0xPolygon/cdk/l1infotreesync/processor.go:397.2,397.36 1 1
github.com/0xPolygon/cdk/l1infotreesync/processor.go:397.36,399.3 1 0
github.com/0xPolygon/cdk/l1infotreesync/processor.go:400.2,403.12 3 1
github.com/0xPolygon/cdk/l1infotreesync/processor.go:406.65,410.35 4 1
github.com/0xPolygon/cdk/l1infotreesync/processor.go:410.35,412.3 1 1
github.com/0xPolygon/cdk/l1infotreesync/processor.go:413.2,413.32 1 1
github.com/0xPolygon/cdk/l1infotreesync/processor.go:416.107,425.2 3 1
github.com/0xPolygon/cdk/l1infotreesync/processor.go:427.60,435.2 3 1
github.com/0xPolygon/cdk/l1infotreesync/processor.go:437.61,445.2 3 1
github.com/0xPolygon/cdk/l1infotreesync/processor.go:447.86,456.2 3 1
github.com/0xPolygon/cdk/l1infotreesync/processor.go:458.87,466.2 3 1
github.com/0xPolygon/cdk/l1infotreesync/processor.go:468.57,469.15 1 1
github.com/0xPolygon/cdk/l1infotreesync/processor.go:469.15,471.3 1 0
github.com/0xPolygon/cdk/l1infotreesync/processor.go:472.2,472.13 1 1
github.com/0xPolygon/cdk/l1infotreesync/processor_initl1inforootmap.go:13.100,14.18 1 1
github.com/0xPolygon/cdk/l1infotreesync/processor_initl1inforootmap.go:14.18,16.3 1 0
github.com/0xPolygon/cdk/l1infotreesync/processor_initl1inforootmap.go:17.2,23.67 3 1
github.com/0xPolygon/cdk/l1infotreesync/processor_initl1inforootmap.go:23.67,25.3 1 1
github.com/0xPolygon/cdk/l1infotreesync/processor_initl1inforootmap.go:26.2,26.12 1 1
github.com/0xPolygon/cdk/l1infotreesync/processor_initl1inforootmap.go:30.82,33.35 3 1
github.com/0xPolygon/cdk/l1infotreesync/processor_initl1inforootmap.go:33.35,35.3 1 1
github.com/0xPolygon/cdk/l1infotreesync/processor_initl1inforootmap.go:36.2,36.18 1 1
github.com/0xPolygon/cdk/l1infotreesync/processor_verifybatches.go:14.102,15.18 1 1
github.com/0xPolygon/cdk/l1infotreesync/processor_verifybatches.go:15.18,17.3 1 1
github.com/0xPolygon/cdk/l1infotreesync/processor_verifybatches.go:18.2,18.15 1 1
github.com/0xPolygon/cdk/l1infotreesync/processor_verifybatches.go:18.15,20.3 1 0
github.com/0xPolygon/cdk/l1infotreesync/processor_verifybatches.go:21.2,24.39 2 1
github.com/0xPolygon/cdk/l1infotreesync/processor_verifybatches.go:24.39,27.3 2 1
github.com/0xPolygon/cdk/l1infotreesync/processor_verifybatches.go:28.2,29.16 2 1
github.com/0xPolygon/cdk/l1infotreesync/processor_verifybatches.go:29.16,31.3 1 0
github.com/0xPolygon/cdk/l1infotreesync/processor_verifybatches.go:32.2,32.16 1 1
github.com/0xPolygon/cdk/l1infotreesync/processor_verifybatches.go:32.16,35.3 2 0
github.com/0xPolygon/cdk/l1infotreesync/processor_verifybatches.go:36.2,41.16 3 1
github.com/0xPolygon/cdk/l1infotreesync/processor_verifybatches.go:41.16,43.3 1 0
github.com/0xPolygon/cdk/l1infotreesync/processor_verifybatches.go:44.2,47.75 4 1
github.com/0xPolygon/cdk/l1infotreesync/processor_verifybatches.go:47.75,49.3 1 0
github.com/0xPolygon/cdk/l1infotreesync/processor_verifybatches.go:50.2,50.12 1 1
github.com/0xPolygon/cdk/l1infotreesync/processor_verifybatches.go:53.100,55.50 2 1
github.com/0xPolygon/cdk/l1infotreesync/processor_verifybatches.go:55.50,58.3 1 1
github.com/0xPolygon/cdk/l1infotreesync/processor_verifybatches.go:59.2,59.16 1 1
github.com/0xPolygon/cdk/l1infotreesync/processor_verifybatches.go:59.16,61.3 1 0
github.com/0xPolygon/cdk/l1infotreesync/processor_verifybatches.go:62.2,63.50 2 1
github.com/0xPolygon/cdk/l1infotreesync/processor_verifybatches.go:63.50,66.3 1 1
github.com/0xPolygon/cdk/l1infotreesync/processor_verifybatches.go:67.2,67.16 1 1
github.com/0xPolygon/cdk/l1infotreesync/processor_verifybatches.go:67.16,69.3 1 0
github.com/0xPolygon/cdk/l1infotreesync/processor_verifybatches.go:70.2,70.36 1 1
github.com/0xPolygon/cdk/l1infotreesync/processor_verifybatches.go:73.85,82.2 3 1
github.com/0xPolygon/cdk/l1infotreesync/processor_verifybatches.go:84.86,93.2 3 1
github.com/0xPolygon/cdk/l1infotreesync/processor_verifybatches.go:95.113,104.2 3 1
